Determining if the Fortran sgemm exists failed with the following output:
Change Dir: /home/tom/Documents/Repo/MNCM/build/CMakeFiles/CMakeTmp

Run Build Command(s):/usr/bin/gmake -f Makefile cmTC_f66d3/fast && /usr/bin/gmake  -f CMakeFiles/cmTC_f66d3.dir/build.make CMakeFiles/cmTC_f66d3.dir/build
gmake[1]: Entering directory '/home/tom/Documents/Repo/MNCM/build/CMakeFiles/CMakeTmp'
Building Fortran object CMakeFiles/cmTC_f66d3.dir/testFortranCompiler.f.o
/usr/bin/f95   -Wall -ffree-line-length-none   -c /home/tom/Documents/Repo/MNCM/build/CMakeFiles/CMakeTmp/testFortranCompiler.f -o CMakeFiles/cmTC_f66d3.dir/testFortranCompiler.f.o
Linking Fortran executable cmTC_f66d3
/usr/bin/cmake -E cmake_link_script CMakeFiles/cmTC_f66d3.dir/link.txt --verbose=1
/usr/bin/f95  -Wall -ffree-line-length-none   CMakeFiles/cmTC_f66d3.dir/testFortranCompiler.f.o -o cmTC_f66d3 
/usr/bin/ld: CMakeFiles/cmTC_f66d3.dir/testFortranCompiler.f.o: in function `MAIN__':
testFortranCompiler.f:(.text+0xa): undefined reference to `sgemm_'
collect2: error: ld returned 1 exit status
gmake[1]: *** [CMakeFiles/cmTC_f66d3.dir/build.make:99: cmTC_f66d3] Error 1
gmake[1]: Leaving directory '/home/tom/Documents/Repo/MNCM/build/CMakeFiles/CMakeTmp'
gmake: *** [Makefile:127: cmTC_f66d3/fast] Error 2



Determining if the Fortran cheev exists failed with the following output:
Change Dir: /home/tom/Documents/Repo/MNCM/build/CMakeFiles/CMakeTmp

Run Build Command(s):/usr/bin/gmake -f Makefile cmTC_98e5b/fast && /usr/bin/gmake  -f CMakeFiles/cmTC_98e5b.dir/build.make CMakeFiles/cmTC_98e5b.dir/build
gmake[1]: Entering directory '/home/tom/Documents/Repo/MNCM/build/CMakeFiles/CMakeTmp'
Building Fortran object CMakeFiles/cmTC_98e5b.dir/testFortranCompiler.f.o
/usr/bin/f95   -Wall -ffree-line-length-none   -c /home/tom/Documents/Repo/MNCM/build/CMakeFiles/CMakeTmp/testFortranCompiler.f -o CMakeFiles/cmTC_98e5b.dir/testFortranCompiler.f.o
Linking Fortran executable cmTC_98e5b
/usr/bin/cmake -E cmake_link_script CMakeFiles/cmTC_98e5b.dir/link.txt --verbose=1
/usr/bin/f95  -Wall -ffree-line-length-none   CMakeFiles/cmTC_98e5b.dir/testFortranCompiler.f.o -o cmTC_98e5b  /usr/lib/x86_64-linux-gnu/libblas.so -lm -ldl 
/usr/bin/ld: CMakeFiles/cmTC_98e5b.dir/testFortranCompiler.f.o: in function `MAIN__':
testFortranCompiler.f:(.text+0xa): undefined reference to `cheev_'
collect2: error: ld returned 1 exit status
gmake[1]: *** [CMakeFiles/cmTC_98e5b.dir/build.make:100: cmTC_98e5b] Error 1
gmake[1]: Leaving directory '/home/tom/Documents/Repo/MNCM/build/CMakeFiles/CMakeTmp'
gmake: *** [Makefile:127: cmTC_98e5b/fast] Error 2



Determining if the Fortran cheev exists failed with the following output:
Change Dir: /home/tom/Documents/Repo/MNCM/build/CMakeFiles/CMakeTmp

Run Build Command(s):/usr/bin/gmake -f Makefile cmTC_18657/fast && /usr/bin/gmake  -f CMakeFiles/cmTC_18657.dir/build.make CMakeFiles/cmTC_18657.dir/build
gmake[1]: Entering directory '/home/tom/Documents/Repo/MNCM/build/CMakeFiles/CMakeTmp'
Building Fortran object CMakeFiles/cmTC_18657.dir/testFortranCompiler.f.o
/usr/bin/f95   -Wall -ffree-line-length-none   -c /home/tom/Documents/Repo/MNCM/build/CMakeFiles/CMakeTmp/testFortranCompiler.f -o CMakeFiles/cmTC_18657.dir/testFortranCompiler.f.o
Linking Fortran executable cmTC_18657
/usr/bin/cmake -E cmake_link_script CMakeFiles/cmTC_18657.dir/link.txt --verbose=1
/usr/bin/f95  -Wall -ffree-line-length-none   CMakeFiles/cmTC_18657.dir/testFortranCompiler.f.o -o cmTC_18657  /usr/lib/x86_64-linux-gnu/liblapack.so /usr/lib/x86_64-linux-gnu/libblas.so -fortranlibs 
f95: error: unrecognized command-line option ‘-fortranlibs’
gmake[1]: *** [CMakeFiles/cmTC_18657.dir/build.make:101: cmTC_18657] Error 1
gmake[1]: Leaving directory '/home/tom/Documents/Repo/MNCM/build/CMakeFiles/CMakeTmp'
gmake: *** [Makefile:127: cmTC_18657/fast] Error 2



