The system is: Linux - 6.8.0-87-generic - x86_64
Compiling the Fortran compiler identification source file "CMakeFortranCompilerId.F" succeeded.
Compiler: /usr/bin/gfortran 
Build flags: 
Id flags: -v 

The output was:
0
Driving: /usr/bin/gfortran -v CMakeFortranCompilerId.F -l gfortran -l m -shared-libgcc
Using built-in specs.
COLLECT_GCC=/usr/bin/gfortran
COLLECT_LTO_WRAPPER=/usr/lib/gcc/x86_64-linux-gnu/11/lto-wrapper
OFFLOAD_TARGET_NAMES=nvptx-none:amdgcn-amdhsa
OFFLOAD_TARGET_DEFAULT=1
Target: x86_64-linux-gnu
Configured with: ../src/configure -v --with-pkgversion='Ubuntu 11.4.0-1ubuntu1~22.04.2' --with-bugurl=file:///usr/share/doc/gcc-11/README.Bugs --enable-languages=c,ada,c++,go,brig,d,fortran,objc,obj-c++,m2 --prefix=/usr --with-gcc-major-version-only --program-suffix=-11 --program-prefix=x86_64-linux-gnu- --enable-shared --enable-linker-build-id --libexecdir=/usr/lib --without-included-gettext --enable-threads=posix --libdir=/usr/lib --enable-nls --enable-bootstrap --enable-clocale=gnu --enable-libstdcxx-debug --enable-libstdcxx-time=yes --with-default-libstdcxx-abi=new --enable-gnu-unique-object --disable-vtable-verify --enable-plugin --enable-default-pie --with-system-zlib --enable-libphobos-checking=release --with-target-system-zlib=auto --enable-objc-gc=auto --enable-multiarch --disable-werror --enable-cet --with-arch-32=i686 --with-abi=m64 --with-multilib-list=m32,m64,mx32 --enable-multilib --with-tune=generic --enable-offload-targets=nvptx-none=/build/gcc-11-2Y5pKs/gcc-11-11.4.0/debian/tmp-nvptx/usr,amdgcn-amdhsa=/build/gcc-11-2Y5pKs/gcc-11-11.4.0/debian/tmp-gcn/usr --without-cuda-driver --enable-checking=release --build=x86_64-linux-gnu --host=x86_64-linux-gnu --target=x86_64-linux-gnu --with-build-config=bootstrap-lto-lean --enable-link-serialization=2
Thread model: posix
Supported LTO compression algorithms: zlib zstd
gcc version 11.4.0 (Ubuntu 11.4.0-1ubuntu1~22.04.2) 
COLLECT_GCC_OPTIONS='-v' '-shared-libgcc' '-mtune=generic' '-march=x86-64' '-dumpdir' 'a-'
 /usr/lib/gcc/x86_64-linux-gnu/11/f951 CMakeFortranCompilerId.F -ffixed-form -cpp=/tmp/cc5EMzi2.f90 -quiet -v -imultiarch x86_64-linux-gnu CMakeFortranCompilerId.F -quiet -dumpdir a- -dumpbase CMakeFortranCompilerId.F -dumpbase-ext .F -mtune=generic -march=x86-64 -version -fintrinsic-modules-path /usr/lib/gcc/x86_64-linux-gnu/11/finclude -fpre-include=/usr/include/finclude/math-vector-fortran.h -o /tmp/ccLcowzd.s
GNU Fortran (Ubuntu 11.4.0-1ubuntu1~22.04.2) version 11.4.0 (x86_64-linux-gnu)
	compiled by GNU C version 11.4.0, GMP version 6.2.1, MPFR version 4.1.0, MPC version 1.2.1, isl version isl-0.24-GMP

GGC heuristics: --param ggc-min-expand=100 --param ggc-min-heapsize=131072
ignoring nonexistent directory "/usr/local/include/x86_64-linux-gnu"
ignoring nonexistent directory "/usr/lib/gcc/x86_64-linux-gnu/11/include-fixed"
ignoring nonexistent directory "/usr/lib/gcc/x86_64-linux-gnu/11/../../../../x86_64-linux-gnu/include"
ignoring duplicate directory "/opt/intel/oneapi/umf/1.0/include"
  as it is a non-system directory that duplicates a system directory
ignoring duplicate directory "/opt/intel/oneapi/mkl/2025.3/include"
  as it is a non-system directory that duplicates a system directory
#include "..." search starts here:
#include <...> search starts here:
 /usr/lib/gcc/x86_64-linux-gnu/11/finclude
 /opt/intel/oneapi/dev-utilities/2025.3/include
 /opt/intel/oneapi/ccl/2021.17/include
 /opt/intel/oneapi/umf/1.0/include
 /opt/intel/oneapi/tbb/2022.3/env/../include
 /opt/intel/oneapi/mpi/2021.17/include
 /opt/intel/oneapi/mkl/2025.3/include
 /opt/intel/oneapi/ishmem/1.5/include
 /opt/intel/oneapi/ippcp/2025.3/include
 /opt/intel/oneapi/ipp/2022.3/include
 /opt/intel/oneapi/dnnl/2025.3/include
 /usr/lib/gcc/x86_64-linux-gnu/11/include
 /usr/local/include
 /usr/include/x86_64-linux-gnu
 /usr/include
End of search list.
GNU Fortran2008 (Ubuntu 11.4.0-1ubuntu1~22.04.2) version 11.4.0 (x86_64-linux-gnu)
	compiled by GNU C version 11.4.0, GMP version 6.2.1, MPFR version 4.1.0, MPC version 1.2.1, isl version isl-0.24-GMP

GGC heuristics: --param ggc-min-expand=100 --param ggc-min-heapsize=131072
COLLECT_GCC_OPTIONS='-v' '-shared-libgcc' '-mtune=generic' '-march=x86-64' '-dumpdir' 'a-'
 as -v --64 -o /tmp/ccoogr37.o /tmp/ccLcowzd.s
GNU assembler version 2.38 (x86_64-linux-gnu) using BFD version (GNU Binutils for Ubuntu) 2.38
Reading specs from /usr/lib/gcc/x86_64-linux-gnu/11/libgfortran.spec
rename spec lib to liborig
COLLECT_GCC_OPTIONS='-v' '-shared-libgcc' '-mtune=generic' '-march=x86-64' '-dumpdir' 'a-'
COMPILER_PATH=/usr/lib/gcc/x86_64-linux-gnu/11/:/usr/lib/gcc/x86_64-linux-gnu/11/:/usr/lib/gcc/x86_64-linux-gnu/:/usr/lib/gcc/x86_64-linux-gnu/11/:/usr/lib/gcc/x86_64-linux-gnu/
LIBRARY_PATH=/opt/intel/oneapi/tcm/1.4/lib/../lib/:/opt/intel/oneapi/umf/1.0/lib/../lib/:/opt/intel/oneapi/tbb/2022.3/env/../lib/intel64/gcc4.8/../lib/:/opt/intel/oneapi/mpi/2021.17/lib/../lib/:/opt/intel/oneapi/mkl/2025.3/lib/../lib/:/opt/intel/oneapi/ishmem/1.5/lib/../lib/:/opt/intel/oneapi/ippcp/2025.3/lib/../lib/:/opt/intel/oneapi/ipp/2022.3/lib/../lib/:/opt/intel/oneapi/dnnl/2025.3/lib/../lib/:/opt/intel/oneapi/dal/2025.9/lib/../lib/:/opt/intel/oneapi/compiler/2025.3/lib/../lib/:/opt/intel/oneapi/ccl/2021.17/lib/../lib/:/usr/lib/gcc/x86_64-linux-gnu/11/:/usr/lib/gcc/x86_64-linux-gnu/11/../../../x86_64-linux-gnu/:/usr/lib/gcc/x86_64-linux-gnu/11/../../../../lib/:/lib/x86_64-linux-gnu/:/lib/../lib/:/usr/lib/x86_64-linux-gnu/:/usr/lib/../lib/:/opt/intel/oneapi/tcm/1.4/lib/:/opt/intel/oneapi/umf/1.0/lib/:/opt/intel/oneapi/tbb/2022.3/env/../lib/intel64/gcc4.8/:/opt/intel/oneapi/mpi/2021.17/lib/:/opt/intel/oneapi/mkl/2025.3/lib/:/opt/intel/oneapi/ishmem/1.5/lib/:/opt/intel/oneapi/ippcp/2025.3/lib/:/opt/intel/oneapi/ipp/2022.3/lib/:/opt/intel/oneapi/dnnl/2025.3/lib/:/opt/intel/oneapi/dal/2025.9/lib/:/opt/intel/oneapi/compiler/2025.3/lib/:/opt/intel/oneapi/ccl/2021.17/lib/:/usr/lib/gcc/x86_64-linux-gnu/11/../../../:/lib/:/usr/lib/
COLLECT_GCC_OPTIONS='-v' '-shared-libgcc' '-mtune=generic' '-march=x86-64' '-dumpdir' 'a.'
 /usr/lib/gcc/x86_64-linux-gnu/11/collect2 -plugin /usr/lib/gcc/x86_64-linux-gnu/11/liblto_plugin.so -plugin-opt=/usr/lib/gcc/x86_64-linux-gnu/11/lto-wrapper -plugin-opt=-fresolution=/tmp/cc02piwh.res -plugin-opt=-pass-through=-lgcc_s -plugin-opt=-pass-through=-lgcc -plugin-opt=-pass-through=-lquadmath -plugin-opt=-pass-through=-lm -plugin-opt=-pass-through=-lgcc_s -plugin-opt=-pass-through=-lgcc -plugin-opt=-pass-through=-lc -plugin-opt=-pass-through=-lgcc_s -plugin-opt=-pass-through=-lgcc --build-id --eh-frame-hdr -m elf_x86_64 --hash-style=gnu --as-needed -dynamic-linker /lib64/ld-linux-x86-64.so.2 -pie -z now -z relro /usr/lib/gcc/x86_64-linux-gnu/11/../../../x86_64-linux-gnu/Scrt1.o /usr/lib/gcc/x86_64-linux-gnu/11/../../../x86_64-linux-gnu/crti.o /usr/lib/gcc/x86_64-linux-gnu/11/crtbeginS.o -L/opt/intel/oneapi/tcm/1.4/lib/../lib -L/opt/intel/oneapi/umf/1.0/lib/../lib -L/opt/intel/oneapi/tbb/2022.3/env/../lib/intel64/gcc4.8/../lib -L/opt/intel/oneapi/mpi/2021.17/lib/../lib -L/opt/intel/oneapi/mkl/2025.3/lib/../lib -L/opt/intel/oneapi/ishmem/1.5/lib/../lib -L/opt/intel/oneapi/ippcp/2025.3/lib/../lib -L/opt/intel/oneapi/ipp/2022.3/lib/../lib -L/opt/intel/oneapi/dnnl/2025.3/lib/../lib -L/opt/intel/oneapi/dal/2025.9/lib/../lib -L/opt/intel/oneapi/compiler/2025.3/lib/../lib -L/opt/intel/oneapi/ccl/2021.17/lib/../lib -L/usr/lib/gcc/x86_64-linux-gnu/11 -L/usr/lib/gcc/x86_64-linux-gnu/11/../../../x86_64-linux-gnu -L/usr/lib/gcc/x86_64-linux-gnu/11/../../../../lib -L/lib/x86_64-linux-gnu -L/lib/../lib -L/usr/lib/x86_64-linux-gnu -L/usr/lib/../lib -L/opt/intel/oneapi/tcm/1.4/lib -L/opt/intel/oneapi/umf/1.0/lib -L/opt/intel/oneapi/tbb/2022.3/env/../lib/intel64/gcc4.8 -L/opt/intel/oneapi/mpi/2021.17/lib -L/opt/intel/oneapi/mkl/2025.3/lib -L/opt/intel/oneapi/ishmem/1.5/lib -L/opt/intel/oneapi/ippcp/2025.3/lib -L/opt/intel/oneapi/ipp/2022.3/lib -L/opt/intel/oneapi/dnnl/2025.3/lib -L/opt/intel/oneapi/dal/2025.9/lib -L/opt/intel/oneapi/compiler/2025.3/lib -L/opt/intel/oneapi/ccl/2021.17/lib -L/usr/lib/gcc/x86_64-linux-gnu/11/../../.. /tmp/ccoogr37.o -lgfortran -lm -lgcc_s -lgcc -lquadmath -lm -lgcc_s -lgcc -lc -lgcc_s -lgcc /usr/lib/gcc/x86_64-linux-gnu/11/crtendS.o /usr/lib/gcc/x86_64-linux-gnu/11/../../../x86_64-linux-gnu/crtn.o
COLLECT_GCC_OPTIONS='-v' '-shared-libgcc' '-mtune=generic' '-march=x86-64' '-dumpdir' 'a.'


Compilation of the Fortran compiler identification source "CMakeFortranCompilerId.F" produced "a.out"

The Fortran compiler identification is GNU, found in "/home/tom/Documents/Repo/MNCM/src/build/CMakeFiles/3.22.1/CompilerIdFortran/a.out"

Compiling the C compiler identification source file "CMakeCCompilerId.c" succeeded.
Compiler: /usr/bin/gcc 
Build flags: 
Id flags:  

The output was:
0


Compilation of the C compiler identification source "CMakeCCompilerId.c" produced "a.out"

The C compiler identification is GNU, found in "/home/tom/Documents/Repo/MNCM/src/build/CMakeFiles/3.22.1/CompilerIdC/a.out"

Detecting Fortran compiler ABI info compiled with the following output:
Change Dir: /home/tom/Documents/Repo/MNCM/src/build/CMakeFiles/CMakeTmp

Run Build Command(s):/usr/bin/gmake -f Makefile cmTC_597f3/fast && /usr/bin/gmake  -f CMakeFiles/cmTC_597f3.dir/build.make CMakeFiles/cmTC_597f3.dir/build
gmake[1]: Entering directory '/home/tom/Documents/Repo/MNCM/src/build/CMakeFiles/CMakeTmp'
Building Fortran object CMakeFiles/cmTC_597f3.dir/CMakeFortranCompilerABI.F90.o
/usr/bin/gfortran   -v -c /usr/share/cmake-3.22/Modules/CMakeFortranCompilerABI.F90 -o CMakeFiles/cmTC_597f3.dir/CMakeFortranCompilerABI.F90.o
Using built-in specs.
COLLECT_GCC=/usr/bin/gfortran
OFFLOAD_TARGET_NAMES=nvptx-none:amdgcn-amdhsa
OFFLOAD_TARGET_DEFAULT=1
Target: x86_64-linux-gnu
Configured with: ../src/configure -v --with-pkgversion='Ubuntu 11.4.0-1ubuntu1~22.04.2' --with-bugurl=file:///usr/share/doc/gcc-11/README.Bugs --enable-languages=c,ada,c++,go,brig,d,fortran,objc,obj-c++,m2 --prefix=/usr --with-gcc-major-version-only --program-suffix=-11 --program-prefix=x86_64-linux-gnu- --enable-shared --enable-linker-build-id --libexecdir=/usr/lib --without-included-gettext --enable-threads=posix --libdir=/usr/lib --enable-nls --enable-bootstrap --enable-clocale=gnu --enable-libstdcxx-debug --enable-libstdcxx-time=yes --with-default-libstdcxx-abi=new --enable-gnu-unique-object --disable-vtable-verify --enable-plugin --enable-default-pie --with-system-zlib --enable-libphobos-checking=release --with-target-system-zlib=auto --enable-objc-gc=auto --enable-multiarch --disable-werror --enable-cet --with-arch-32=i686 --with-abi=m64 --with-multilib-list=m32,m64,mx32 --enable-multilib --with-tune=generic --enable-offload-targets=nvptx-none=/build/gcc-11-2Y5pKs/gcc-11-11.4.0/debian/tmp-nvptx/usr,amdgcn-amdhsa=/build/gcc-11-2Y5pKs/gcc-11-11.4.0/debian/tmp-gcn/usr --without-cuda-driver --enable-checking=release --build=x86_64-linux-gnu --host=x86_64-linux-gnu --target=x86_64-linux-gnu --with-build-config=bootstrap-lto-lean --enable-link-serialization=2
Thread model: posix
Supported LTO compression algorithms: zlib zstd
gcc version 11.4.0 (Ubuntu 11.4.0-1ubuntu1~22.04.2) 
COLLECT_GCC_OPTIONS='-v' '-c' '-o' 'CMakeFiles/cmTC_597f3.dir/CMakeFortranCompilerABI.F90.o' '-mtune=generic' '-march=x86-64' '-dumpdir' 'CMakeFiles/cmTC_597f3.dir/'
 /usr/lib/gcc/x86_64-linux-gnu/11/f951 /usr/share/cmake-3.22/Modules/CMakeFortranCompilerABI.F90 -cpp=/tmp/ccs648le.f90 -quiet -v -imultiarch x86_64-linux-gnu /usr/share/cmake-3.22/Modules/CMakeFortranCompilerABI.F90 -quiet -dumpdir CMakeFiles/cmTC_597f3.dir/ -dumpbase CMakeFortranCompilerABI.F90.F90 -dumpbase-ext .F90 -mtune=generic -march=x86-64 -version -fintrinsic-modules-path /usr/lib/gcc/x86_64-linux-gnu/11/finclude -fpre-include=/usr/include/finclude/math-vector-fortran.h -o /tmp/ccpv9PwA.s
GNU Fortran (Ubuntu 11.4.0-1ubuntu1~22.04.2) version 11.4.0 (x86_64-linux-gnu)
	compiled by GNU C version 11.4.0, GMP version 6.2.1, MPFR version 4.1.0, MPC version 1.2.1, isl version isl-0.24-GMP

GGC heuristics: --param ggc-min-expand=100 --param ggc-min-heapsize=131072
ignoring nonexistent directory "/usr/local/include/x86_64-linux-gnu"
ignoring nonexistent directory "/usr/lib/gcc/x86_64-linux-gnu/11/include-fixed"
ignoring nonexistent directory "/usr/lib/gcc/x86_64-linux-gnu/11/../../../../x86_64-linux-gnu/include"
ignoring duplicate directory "/opt/intel/oneapi/umf/1.0/include"
  as it is a non-system directory that duplicates a system directory
ignoring duplicate directory "/opt/intel/oneapi/mkl/2025.3/include"
  as it is a non-system directory that duplicates a system directory
#include "..." search starts here:
#include <...> search starts here:
 /usr/lib/gcc/x86_64-linux-gnu/11/finclude
 /opt/intel/oneapi/dev-utilities/2025.3/include
 /opt/intel/oneapi/ccl/2021.17/include
 /opt/intel/oneapi/umf/1.0/include
 /opt/intel/oneapi/tbb/2022.3/env/../include
 /opt/intel/oneapi/mpi/2021.17/include
 /opt/intel/oneapi/mkl/2025.3/include
 /opt/intel/oneapi/ishmem/1.5/include
 /opt/intel/oneapi/ippcp/2025.3/include
 /opt/intel/oneapi/ipp/2022.3/include
 /opt/intel/oneapi/dnnl/2025.3/include
 /usr/lib/gcc/x86_64-linux-gnu/11/include
 /usr/local/include
 /usr/include/x86_64-linux-gnu
 /usr/include
End of search list.
GNU Fortran2008 (Ubuntu 11.4.0-1ubuntu1~22.04.2) version 11.4.0 (x86_64-linux-gnu)
	compiled by GNU C version 11.4.0, GMP version 6.2.1, MPFR version 4.1.0, MPC version 1.2.1, isl version isl-0.24-GMP

GGC heuristics: --param ggc-min-expand=100 --param ggc-min-heapsize=131072
COLLECT_GCC_OPTIONS='-v' '-c' '-o' 'CMakeFiles/cmTC_597f3.dir/CMakeFortranCompilerABI.F90.o' '-mtune=generic' '-march=x86-64' '-dumpdir' 'CMakeFiles/cmTC_597f3.dir/'
 as -v --64 -o CMakeFiles/cmTC_597f3.dir/CMakeFortranCompilerABI.F90.o /tmp/ccpv9PwA.s
GNU assembler version 2.38 (x86_64-linux-gnu) using BFD version (GNU Binutils for Ubuntu) 2.38
COMPILER_PATH=/usr/lib/gcc/x86_64-linux-gnu/11/:/usr/lib/gcc/x86_64-linux-gnu/11/:/usr/lib/gcc/x86_64-linux-gnu/:/usr/lib/gcc/x86_64-linux-gnu/11/:/usr/lib/gcc/x86_64-linux-gnu/
LIBRARY_PATH=/opt/intel/oneapi/tcm/1.4/lib/../lib/:/opt/intel/oneapi/umf/1.0/lib/../lib/:/opt/intel/oneapi/tbb/2022.3/env/../lib/intel64/gcc4.8/../lib/:/opt/intel/oneapi/mpi/2021.17/lib/../lib/:/opt/intel/oneapi/mkl/2025.3/lib/../lib/:/opt/intel/oneapi/ishmem/1.5/lib/../lib/:/opt/intel/oneapi/ippcp/2025.3/lib/../lib/:/opt/intel/oneapi/ipp/2022.3/lib/../lib/:/opt/intel/oneapi/dnnl/2025.3/lib/../lib/:/opt/intel/oneapi/dal/2025.9/lib/../lib/:/opt/intel/oneapi/compiler/2025.3/lib/../lib/:/opt/intel/oneapi/ccl/2021.17/lib/../lib/:/usr/lib/gcc/x86_64-linux-gnu/11/:/usr/lib/gcc/x86_64-linux-gnu/11/../../../x86_64-linux-gnu/:/usr/lib/gcc/x86_64-linux-gnu/11/../../../../lib/:/lib/x86_64-linux-gnu/:/lib/../lib/:/usr/lib/x86_64-linux-gnu/:/usr/lib/../lib/:/opt/intel/oneapi/tcm/1.4/lib/:/opt/intel/oneapi/umf/1.0/lib/:/opt/intel/oneapi/tbb/2022.3/env/../lib/intel64/gcc4.8/:/opt/intel/oneapi/mpi/2021.17/lib/:/opt/intel/oneapi/mkl/2025.3/lib/:/opt/intel/oneapi/ishmem/1.5/lib/:/opt/intel/oneapi/ippcp/2025.3/lib/:/opt/intel/oneapi/ipp/2022.3/lib/:/opt/intel/oneapi/dnnl/2025.3/lib/:/opt/intel/oneapi/dal/2025.9/lib/:/opt/intel/oneapi/compiler/2025.3/lib/:/opt/intel/oneapi/ccl/2021.17/lib/:/usr/lib/gcc/x86_64-linux-gnu/11/../../../:/lib/:/usr/lib/
COLLECT_GCC_OPTIONS='-v' '-c' '-o' 'CMakeFiles/cmTC_597f3.dir/CMakeFortranCompilerABI.F90.o' '-mtune=generic' '-march=x86-64' '-dumpdir' 'CMakeFiles/cmTC_597f3.dir/CMakeFortranCompilerABI.F90.'
Linking Fortran executable cmTC_597f3
/usr/bin/cmake -E cmake_link_script CMakeFiles/cmTC_597f3.dir/link.txt --verbose=1
/usr/bin/gfortran  -v CMakeFiles/cmTC_597f3.dir/CMakeFortranCompilerABI.F90.o -o cmTC_597f3 
Driving: /usr/bin/gfortran -v CMakeFiles/cmTC_597f3.dir/CMakeFortranCompilerABI.F90.o -o cmTC_597f3 -l gfortran -l m -shared-libgcc
Using built-in specs.
COLLECT_GCC=/usr/bin/gfortran
COLLECT_LTO_WRAPPER=/usr/lib/gcc/x86_64-linux-gnu/11/lto-wrapper
OFFLOAD_TARGET_NAMES=nvptx-none:amdgcn-amdhsa
OFFLOAD_TARGET_DEFAULT=1
Target: x86_64-linux-gnu
Configured with: ../src/configure -v --with-pkgversion='Ubuntu 11.4.0-1ubuntu1~22.04.2' --with-bugurl=file:///usr/share/doc/gcc-11/README.Bugs --enable-languages=c,ada,c++,go,brig,d,fortran,objc,obj-c++,m2 --prefix=/usr --with-gcc-major-version-only --program-suffix=-11 --program-prefix=x86_64-linux-gnu- --enable-shared --enable-linker-build-id --libexecdir=/usr/lib --without-included-gettext --enable-threads=posix --libdir=/usr/lib --enable-nls --enable-bootstrap --enable-clocale=gnu --enable-libstdcxx-debug --enable-libstdcxx-time=yes --with-default-libstdcxx-abi=new --enable-gnu-unique-object --disable-vtable-verify --enable-plugin --enable-default-pie --with-system-zlib --enable-libphobos-checking=release --with-target-system-zlib=auto --enable-objc-gc=auto --enable-multiarch --disable-werror --enable-cet --with-arch-32=i686 --with-abi=m64 --with-multilib-list=m32,m64,mx32 --enable-multilib --with-tune=generic --enable-offload-targets=nvptx-none=/build/gcc-11-2Y5pKs/gcc-11-11.4.0/debian/tmp-nvptx/usr,amdgcn-amdhsa=/build/gcc-11-2Y5pKs/gcc-11-11.4.0/debian/tmp-gcn/usr --without-cuda-driver --enable-checking=release --build=x86_64-linux-gnu --host=x86_64-linux-gnu --target=x86_64-linux-gnu --with-build-config=bootstrap-lto-lean --enable-link-serialization=2
Thread model: posix
Supported LTO compression algorithms: zlib zstd
gcc version 11.4.0 (Ubuntu 11.4.0-1ubuntu1~22.04.2) 
Reading specs from /usr/lib/gcc/x86_64-linux-gnu/11/libgfortran.spec
rename spec lib to liborig
COLLECT_GCC_OPTIONS='-v' '-o' 'cmTC_597f3' '-shared-libgcc' '-mtune=generic' '-march=x86-64' '-dumpdir' 'cmTC_597f3-'
COMPILER_PATH=/usr/lib/gcc/x86_64-linux-gnu/11/:/usr/lib/gcc/x86_64-linux-gnu/11/:/usr/lib/gcc/x86_64-linux-gnu/:/usr/lib/gcc/x86_64-linux-gnu/11/:/usr/lib/gcc/x86_64-linux-gnu/
LIBRARY_PATH=/opt/intel/oneapi/tcm/1.4/lib/../lib/:/opt/intel/oneapi/umf/1.0/lib/../lib/:/opt/intel/oneapi/tbb/2022.3/env/../lib/intel64/gcc4.8/../lib/:/opt/intel/oneapi/mpi/2021.17/lib/../lib/:/opt/intel/oneapi/mkl/2025.3/lib/../lib/:/opt/intel/oneapi/ishmem/1.5/lib/../lib/:/opt/intel/oneapi/ippcp/2025.3/lib/../lib/:/opt/intel/oneapi/ipp/2022.3/lib/../lib/:/opt/intel/oneapi/dnnl/2025.3/lib/../lib/:/opt/intel/oneapi/dal/2025.9/lib/../lib/:/opt/intel/oneapi/compiler/2025.3/lib/../lib/:/opt/intel/oneapi/ccl/2021.17/lib/../lib/:/usr/lib/gcc/x86_64-linux-gnu/11/:/usr/lib/gcc/x86_64-linux-gnu/11/../../../x86_64-linux-gnu/:/usr/lib/gcc/x86_64-linux-gnu/11/../../../../lib/:/lib/x86_64-linux-gnu/:/lib/../lib/:/usr/lib/x86_64-linux-gnu/:/usr/lib/../lib/:/opt/intel/oneapi/tcm/1.4/lib/:/opt/intel/oneapi/umf/1.0/lib/:/opt/intel/oneapi/tbb/2022.3/env/../lib/intel64/gcc4.8/:/opt/intel/oneapi/mpi/2021.17/lib/:/opt/intel/oneapi/mkl/2025.3/lib/:/opt/intel/oneapi/ishmem/1.5/lib/:/opt/intel/oneapi/ippcp/2025.3/lib/:/opt/intel/oneapi/ipp/2022.3/lib/:/opt/intel/oneapi/dnnl/2025.3/lib/:/opt/intel/oneapi/dal/2025.9/lib/:/opt/intel/oneapi/compiler/2025.3/lib/:/opt/intel/oneapi/ccl/2021.17/lib/:/usr/lib/gcc/x86_64-linux-gnu/11/../../../:/lib/:/usr/lib/
COLLECT_GCC_OPTIONS='-v' '-o' 'cmTC_597f3' '-shared-libgcc' '-mtune=generic' '-march=x86-64' '-dumpdir' 'cmTC_597f3.'
 /usr/lib/gcc/x86_64-linux-gnu/11/collect2 -plugin /usr/lib/gcc/x86_64-linux-gnu/11/liblto_plugin.so -plugin-opt=/usr/lib/gcc/x86_64-linux-gnu/11/lto-wrapper -plugin-opt=-fresolution=/tmp/ccyUOh1L.res -plugin-opt=-pass-through=-lgcc_s -plugin-opt=-pass-through=-lgcc -plugin-opt=-pass-through=-lquadmath -plugin-opt=-pass-through=-lm -plugin-opt=-pass-through=-lgcc_s -plugin-opt=-pass-through=-lgcc -plugin-opt=-pass-through=-lc -plugin-opt=-pass-through=-lgcc_s -plugin-opt=-pass-through=-lgcc --build-id --eh-frame-hdr -m elf_x86_64 --hash-style=gnu --as-needed -dynamic-linker /lib64/ld-linux-x86-64.so.2 -pie -z now -z relro -o cmTC_597f3 /usr/lib/gcc/x86_64-linux-gnu/11/../../../x86_64-linux-gnu/Scrt1.o /usr/lib/gcc/x86_64-linux-gnu/11/../../../x86_64-linux-gnu/crti.o /usr/lib/gcc/x86_64-linux-gnu/11/crtbeginS.o -L/opt/intel/oneapi/tcm/1.4/lib/../lib -L/opt/intel/oneapi/umf/1.0/lib/../lib -L/opt/intel/oneapi/tbb/2022.3/env/../lib/intel64/gcc4.8/../lib -L/opt/intel/oneapi/mpi/2021.17/lib/../lib -L/opt/intel/oneapi/mkl/2025.3/lib/../lib -L/opt/intel/oneapi/ishmem/1.5/lib/../lib -L/opt/intel/oneapi/ippcp/2025.3/lib/../lib -L/opt/intel/oneapi/ipp/2022.3/lib/../lib -L/opt/intel/oneapi/dnnl/2025.3/lib/../lib -L/opt/intel/oneapi/dal/2025.9/lib/../lib -L/opt/intel/oneapi/compiler/2025.3/lib/../lib -L/opt/intel/oneapi/ccl/2021.17/lib/../lib -L/usr/lib/gcc/x86_64-linux-gnu/11 -L/usr/lib/gcc/x86_64-linux-gnu/11/../../../x86_64-linux-gnu -L/usr/lib/gcc/x86_64-linux-gnu/11/../../../../lib -L/lib/x86_64-linux-gnu -L/lib/../lib -L/usr/lib/x86_64-linux-gnu -L/usr/lib/../lib -L/opt/intel/oneapi/tcm/1.4/lib -L/opt/intel/oneapi/umf/1.0/lib -L/opt/intel/oneapi/tbb/2022.3/env/../lib/intel64/gcc4.8 -L/opt/intel/oneapi/mpi/2021.17/lib -L/opt/intel/oneapi/mkl/2025.3/lib -L/opt/intel/oneapi/ishmem/1.5/lib -L/opt/intel/oneapi/ippcp/2025.3/lib -L/opt/intel/oneapi/ipp/2022.3/lib -L/opt/intel/oneapi/dnnl/2025.3/lib -L/opt/intel/oneapi/dal/2025.9/lib -L/opt/intel/oneapi/compiler/2025.3/lib -L/opt/intel/oneapi/ccl/2021.17/lib -L/usr/lib/gcc/x86_64-linux-gnu/11/../../.. CMakeFiles/cmTC_597f3.dir/CMakeFortranCompilerABI.F90.o -lgfortran -lm -lgcc_s -lgcc -lquadmath -lm -lgcc_s -lgcc -lc -lgcc_s -lgcc /usr/lib/gcc/x86_64-linux-gnu/11/crtendS.o /usr/lib/gcc/x86_64-linux-gnu/11/../../../x86_64-linux-gnu/crtn.o
COLLECT_GCC_OPTIONS='-v' '-o' 'cmTC_597f3' '-shared-libgcc' '-mtune=generic' '-march=x86-64' '-dumpdir' 'cmTC_597f3.'
gmake[1]: Leaving directory '/home/tom/Documents/Repo/MNCM/src/build/CMakeFiles/CMakeTmp'



Parsed Fortran implicit include dir info from above output: rv=done
  found start of include info
  found start of implicit include info
    add: [/usr/lib/gcc/x86_64-linux-gnu/11/finclude]
    add: [/opt/intel/oneapi/dev-utilities/2025.3/include]
    add: [/opt/intel/oneapi/ccl/2021.17/include]
    add: [/opt/intel/oneapi/umf/1.0/include]
    add: [/opt/intel/oneapi/tbb/2022.3/env/../include]
    add: [/opt/intel/oneapi/mpi/2021.17/include]
    add: [/opt/intel/oneapi/mkl/2025.3/include]
    add: [/opt/intel/oneapi/ishmem/1.5/include]
    add: [/opt/intel/oneapi/ippcp/2025.3/include]
    add: [/opt/intel/oneapi/ipp/2022.3/include]
    add: [/opt/intel/oneapi/dnnl/2025.3/include]
    add: [/usr/lib/gcc/x86_64-linux-gnu/11/include]
    add: [/usr/local/include]
    add: [/usr/include/x86_64-linux-gnu]
    add: [/usr/include]
  end of search list found
  collapse include dir [/usr/lib/gcc/x86_64-linux-gnu/11/finclude] ==> [/usr/lib/gcc/x86_64-linux-gnu/11/finclude]
  collapse include dir [/opt/intel/oneapi/dev-utilities/2025.3/include] ==> [/opt/intel/oneapi/dev-utilities/2025.3/include]
  collapse include dir [/opt/intel/oneapi/ccl/2021.17/include] ==> [/opt/intel/oneapi/ccl/2021.17/include]
  collapse include dir [/opt/intel/oneapi/umf/1.0/include] ==> [/opt/intel/oneapi/umf/1.0/include]
  collapse include dir [/opt/intel/oneapi/tbb/2022.3/env/../include] ==> [/opt/intel/oneapi/tbb/2022.3/include]
  collapse include dir [/opt/intel/oneapi/mpi/2021.17/include] ==> [/opt/intel/oneapi/mpi/2021.17/include]
  collapse include dir [/opt/intel/oneapi/mkl/2025.3/include] ==> [/opt/intel/oneapi/mkl/2025.3/include]
  collapse include dir [/opt/intel/oneapi/ishmem/1.5/include] ==> [/opt/intel/oneapi/ishmem/1.5/include]
  collapse include dir [/opt/intel/oneapi/ippcp/2025.3/include] ==> [/opt/intel/oneapi/ippcp/2025.3/include]
  collapse include dir [/opt/intel/oneapi/ipp/2022.3/include] ==> [/opt/intel/oneapi/ipp/2022.3/include]
  collapse include dir [/opt/intel/oneapi/dnnl/2025.3/include] ==> [/opt/intel/oneapi/dnnl/2025.3/include]
  collapse include dir [/usr/lib/gcc/x86_64-linux-gnu/11/include] ==> [/usr/lib/gcc/x86_64-linux-gnu/11/include]
  collapse include dir [/usr/local/include] ==> [/usr/local/include]
  collapse include dir [/usr/include/x86_64-linux-gnu] ==> [/usr/include/x86_64-linux-gnu]
  collapse include dir [/usr/include] ==> [/usr/include]
  implicit include dirs: [/usr/lib/gcc/x86_64-linux-gnu/11/finclude;/opt/intel/oneapi/dev-utilities/2025.3/include;/opt/intel/oneapi/ccl/2021.17/include;/opt/intel/oneapi/umf/1.0/include;/opt/intel/oneapi/tbb/2022.3/include;/opt/intel/oneapi/mpi/2021.17/include;/opt/intel/oneapi/mkl/2025.3/include;/opt/intel/oneapi/ishmem/1.5/include;/opt/intel/oneapi/ippcp/2025.3/include;/opt/intel/oneapi/ipp/2022.3/include;/opt/intel/oneapi/dnnl/2025.3/include;/usr/lib/gcc/x86_64-linux-gnu/11/include;/usr/local/include;/usr/include/x86_64-linux-gnu;/usr/include]


Parsed Fortran implicit link information from above output:
  link line regex: [^( *|.*[/\])(ld|CMAKE_LINK_STARTFILE-NOTFOUND|([^/\]+-)?ld|collect2)[^/\]*( |$)]
  ignore line: [Change Dir: /home/tom/Documents/Repo/MNCM/src/build/CMakeFiles/CMakeTmp]
  ignore line: []
  ignore line: [Run Build Command(s):/usr/bin/gmake -f Makefile cmTC_597f3/fast && /usr/bin/gmake  -f CMakeFiles/cmTC_597f3.dir/build.make CMakeFiles/cmTC_597f3.dir/build]
  ignore line: [gmake[1]: Entering directory '/home/tom/Documents/Repo/MNCM/src/build/CMakeFiles/CMakeTmp']
  ignore line: [Building Fortran object CMakeFiles/cmTC_597f3.dir/CMakeFortranCompilerABI.F90.o]
  ignore line: [/usr/bin/gfortran   -v -c /usr/share/cmake-3.22/Modules/CMakeFortranCompilerABI.F90 -o CMakeFiles/cmTC_597f3.dir/CMakeFortranCompilerABI.F90.o]
  ignore line: [Using built-in specs.]
  ignore line: [COLLECT_GCC=/usr/bin/gfortran]
  ignore line: [OFFLOAD_TARGET_NAMES=nvptx-none:amdgcn-amdhsa]
  ignore line: [OFFLOAD_TARGET_DEFAULT=1]
  ignore line: [Target: x86_64-linux-gnu]
  ignore line: [Configured with: ../src/configure -v --with-pkgversion='Ubuntu 11.4.0-1ubuntu1~22.04.2' --with-bugurl=file:///usr/share/doc/gcc-11/README.Bugs --enable-languages=c ada c++ go brig d fortran objc obj-c++ m2 --prefix=/usr --with-gcc-major-version-only --program-suffix=-11 --program-prefix=x86_64-linux-gnu- --enable-shared --enable-linker-build-id --libexecdir=/usr/lib --without-included-gettext --enable-threads=posix --libdir=/usr/lib --enable-nls --enable-bootstrap --enable-clocale=gnu --enable-libstdcxx-debug --enable-libstdcxx-time=yes --with-default-libstdcxx-abi=new --enable-gnu-unique-object --disable-vtable-verify --enable-plugin --enable-default-pie --with-system-zlib --enable-libphobos-checking=release --with-target-system-zlib=auto --enable-objc-gc=auto --enable-multiarch --disable-werror --enable-cet --with-arch-32=i686 --with-abi=m64 --with-multilib-list=m32 m64 mx32 --enable-multilib --with-tune=generic --enable-offload-targets=nvptx-none=/build/gcc-11-2Y5pKs/gcc-11-11.4.0/debian/tmp-nvptx/usr amdgcn-amdhsa=/build/gcc-11-2Y5pKs/gcc-11-11.4.0/debian/tmp-gcn/usr --without-cuda-driver --enable-checking=release --build=x86_64-linux-gnu --host=x86_64-linux-gnu --target=x86_64-linux-gnu --with-build-config=bootstrap-lto-lean --enable-link-serialization=2]
  ignore line: [Thread model: posix]
  ignore line: [Supported LTO compression algorithms: zlib zstd]
  ignore line: [gcc version 11.4.0 (Ubuntu 11.4.0-1ubuntu1~22.04.2) ]
  ignore line: [COLLECT_GCC_OPTIONS='-v' '-c' '-o' 'CMakeFiles/cmTC_597f3.dir/CMakeFortranCompilerABI.F90.o' '-mtune=generic' '-march=x86-64' '-dumpdir' 'CMakeFiles/cmTC_597f3.dir/']
  ignore line: [ /usr/lib/gcc/x86_64-linux-gnu/11/f951 /usr/share/cmake-3.22/Modules/CMakeFortranCompilerABI.F90 -cpp=/tmp/ccs648le.f90 -quiet -v -imultiarch x86_64-linux-gnu /usr/share/cmake-3.22/Modules/CMakeFortranCompilerABI.F90 -quiet -dumpdir CMakeFiles/cmTC_597f3.dir/ -dumpbase CMakeFortranCompilerABI.F90.F90 -dumpbase-ext .F90 -mtune=generic -march=x86-64 -version -fintrinsic-modules-path /usr/lib/gcc/x86_64-linux-gnu/11/finclude -fpre-include=/usr/include/finclude/math-vector-fortran.h -o /tmp/ccpv9PwA.s]
  ignore line: [GNU Fortran (Ubuntu 11.4.0-1ubuntu1~22.04.2) version 11.4.0 (x86_64-linux-gnu)]
  ignore line: [	compiled by GNU C version 11.4.0  GMP version 6.2.1  MPFR version 4.1.0  MPC version 1.2.1  isl version isl-0.24-GMP]
  ignore line: []
  ignore line: [GGC heuristics: --param ggc-min-expand=100 --param ggc-min-heapsize=131072]
  ignore line: [ignoring nonexistent directory "/usr/local/include/x86_64-linux-gnu"]
  ignore line: [ignoring nonexistent directory "/usr/lib/gcc/x86_64-linux-gnu/11/include-fixed"]
  ignore line: [ignoring nonexistent directory "/usr/lib/gcc/x86_64-linux-gnu/11/../../../../x86_64-linux-gnu/include"]
  ignore line: [ignoring duplicate directory "/opt/intel/oneapi/umf/1.0/include"]
  ignore line: [  as it is a non-system directory that duplicates a system directory]
  ignore line: [ignoring duplicate directory "/opt/intel/oneapi/mkl/2025.3/include"]
  ignore line: [  as it is a non-system directory that duplicates a system directory]
  ignore line: [#include "..." search starts here:]
  ignore line: [#include <...> search starts here:]
  ignore line: [ /usr/lib/gcc/x86_64-linux-gnu/11/finclude]
  ignore line: [ /opt/intel/oneapi/dev-utilities/2025.3/include]
  ignore line: [ /opt/intel/oneapi/ccl/2021.17/include]
  ignore line: [ /opt/intel/oneapi/umf/1.0/include]
  ignore line: [ /opt/intel/oneapi/tbb/2022.3/env/../include]
  ignore line: [ /opt/intel/oneapi/mpi/2021.17/include]
  ignore line: [ /opt/intel/oneapi/mkl/2025.3/include]
  ignore line: [ /opt/intel/oneapi/ishmem/1.5/include]
  ignore line: [ /opt/intel/oneapi/ippcp/2025.3/include]
  ignore line: [ /opt/intel/oneapi/ipp/2022.3/include]
  ignore line: [ /opt/intel/oneapi/dnnl/2025.3/include]
  ignore line: [ /usr/lib/gcc/x86_64-linux-gnu/11/include]
  ignore line: [ /usr/local/include]
  ignore line: [ /usr/include/x86_64-linux-gnu]
  ignore line: [ /usr/include]
  ignore line: [End of search list.]
  ignore line: [GNU Fortran2008 (Ubuntu 11.4.0-1ubuntu1~22.04.2) version 11.4.0 (x86_64-linux-gnu)]
  ignore line: [	compiled by GNU C version 11.4.0  GMP version 6.2.1  MPFR version 4.1.0  MPC version 1.2.1  isl version isl-0.24-GMP]
  ignore line: []
  ignore line: [GGC heuristics: --param ggc-min-expand=100 --param ggc-min-heapsize=131072]
  ignore line: [COLLECT_GCC_OPTIONS='-v' '-c' '-o' 'CMakeFiles/cmTC_597f3.dir/CMakeFortranCompilerABI.F90.o' '-mtune=generic' '-march=x86-64' '-dumpdir' 'CMakeFiles/cmTC_597f3.dir/']
  ignore line: [ as -v --64 -o CMakeFiles/cmTC_597f3.dir/CMakeFortranCompilerABI.F90.o /tmp/ccpv9PwA.s]
  ignore line: [GNU assembler version 2.38 (x86_64-linux-gnu) using BFD version (GNU Binutils for Ubuntu) 2.38]
  ignore line: [COMPILER_PATH=/usr/lib/gcc/x86_64-linux-gnu/11/:/usr/lib/gcc/x86_64-linux-gnu/11/:/usr/lib/gcc/x86_64-linux-gnu/:/usr/lib/gcc/x86_64-linux-gnu/11/:/usr/lib/gcc/x86_64-linux-gnu/]
  ignore line: [LIBRARY_PATH=/opt/intel/oneapi/tcm/1.4/lib/../lib/:/opt/intel/oneapi/umf/1.0/lib/../lib/:/opt/intel/oneapi/tbb/2022.3/env/../lib/intel64/gcc4.8/../lib/:/opt/intel/oneapi/mpi/2021.17/lib/../lib/:/opt/intel/oneapi/mkl/2025.3/lib/../lib/:/opt/intel/oneapi/ishmem/1.5/lib/../lib/:/opt/intel/oneapi/ippcp/2025.3/lib/../lib/:/opt/intel/oneapi/ipp/2022.3/lib/../lib/:/opt/intel/oneapi/dnnl/2025.3/lib/../lib/:/opt/intel/oneapi/dal/2025.9/lib/../lib/:/opt/intel/oneapi/compiler/2025.3/lib/../lib/:/opt/intel/oneapi/ccl/2021.17/lib/../lib/:/usr/lib/gcc/x86_64-linux-gnu/11/:/usr/lib/gcc/x86_64-linux-gnu/11/../../../x86_64-linux-gnu/:/usr/lib/gcc/x86_64-linux-gnu/11/../../../../lib/:/lib/x86_64-linux-gnu/:/lib/../lib/:/usr/lib/x86_64-linux-gnu/:/usr/lib/../lib/:/opt/intel/oneapi/tcm/1.4/lib/:/opt/intel/oneapi/umf/1.0/lib/:/opt/intel/oneapi/tbb/2022.3/env/../lib/intel64/gcc4.8/:/opt/intel/oneapi/mpi/2021.17/lib/:/opt/intel/oneapi/mkl/2025.3/lib/:/opt/intel/oneapi/ishmem/1.5/lib/:/opt/intel/oneapi/ippcp/2025.3/lib/:/opt/intel/oneapi/ipp/2022.3/lib/:/opt/intel/oneapi/dnnl/2025.3/lib/:/opt/intel/oneapi/dal/2025.9/lib/:/opt/intel/oneapi/compiler/2025.3/lib/:/opt/intel/oneapi/ccl/2021.17/lib/:/usr/lib/gcc/x86_64-linux-gnu/11/../../../:/lib/:/usr/lib/]
  ignore line: [COLLECT_GCC_OPTIONS='-v' '-c' '-o' 'CMakeFiles/cmTC_597f3.dir/CMakeFortranCompilerABI.F90.o' '-mtune=generic' '-march=x86-64' '-dumpdir' 'CMakeFiles/cmTC_597f3.dir/CMakeFortranCompilerABI.F90.']
  ignore line: [Linking Fortran executable cmTC_597f3]
  ignore line: [/usr/bin/cmake -E cmake_link_script CMakeFiles/cmTC_597f3.dir/link.txt --verbose=1]
  ignore line: [/usr/bin/gfortran  -v CMakeFiles/cmTC_597f3.dir/CMakeFortranCompilerABI.F90.o -o cmTC_597f3 ]
  ignore line: [Driving: /usr/bin/gfortran -v CMakeFiles/cmTC_597f3.dir/CMakeFortranCompilerABI.F90.o -o cmTC_597f3 -l gfortran -l m -shared-libgcc]
  ignore line: [Using built-in specs.]
  ignore line: [COLLECT_GCC=/usr/bin/gfortran]
  ignore line: [COLLECT_LTO_WRAPPER=/usr/lib/gcc/x86_64-linux-gnu/11/lto-wrapper]
  ignore line: [OFFLOAD_TARGET_NAMES=nvptx-none:amdgcn-amdhsa]
  ignore line: [OFFLOAD_TARGET_DEFAULT=1]
  ignore line: [Target: x86_64-linux-gnu]
  ignore line: [Configured with: ../src/configure -v --with-pkgversion='Ubuntu 11.4.0-1ubuntu1~22.04.2' --with-bugurl=file:///usr/share/doc/gcc-11/README.Bugs --enable-languages=c ada c++ go brig d fortran objc obj-c++ m2 --prefix=/usr --with-gcc-major-version-only --program-suffix=-11 --program-prefix=x86_64-linux-gnu- --enable-shared --enable-linker-build-id --libexecdir=/usr/lib --without-included-gettext --enable-threads=posix --libdir=/usr/lib --enable-nls --enable-bootstrap --enable-clocale=gnu --enable-libstdcxx-debug --enable-libstdcxx-time=yes --with-default-libstdcxx-abi=new --enable-gnu-unique-object --disable-vtable-verify --enable-plugin --enable-default-pie --with-system-zlib --enable-libphobos-checking=release --with-target-system-zlib=auto --enable-objc-gc=auto --enable-multiarch --disable-werror --enable-cet --with-arch-32=i686 --with-abi=m64 --with-multilib-list=m32 m64 mx32 --enable-multilib --with-tune=generic --enable-offload-targets=nvptx-none=/build/gcc-11-2Y5pKs/gcc-11-11.4.0/debian/tmp-nvptx/usr amdgcn-amdhsa=/build/gcc-11-2Y5pKs/gcc-11-11.4.0/debian/tmp-gcn/usr --without-cuda-driver --enable-checking=release --build=x86_64-linux-gnu --host=x86_64-linux-gnu --target=x86_64-linux-gnu --with-build-config=bootstrap-lto-lean --enable-link-serialization=2]
  ignore line: [Thread model: posix]
  ignore line: [Supported LTO compression algorithms: zlib zstd]
  ignore line: [gcc version 11.4.0 (Ubuntu 11.4.0-1ubuntu1~22.04.2) ]
  ignore line: [Reading specs from /usr/lib/gcc/x86_64-linux-gnu/11/libgfortran.spec]
  ignore line: [rename spec lib to liborig]
  ignore line: [COLLECT_GCC_OPTIONS='-v' '-o' 'cmTC_597f3' '-shared-libgcc' '-mtune=generic' '-march=x86-64' '-dumpdir' 'cmTC_597f3-']
  ignore line: [COMPILER_PATH=/usr/lib/gcc/x86_64-linux-gnu/11/:/usr/lib/gcc/x86_64-linux-gnu/11/:/usr/lib/gcc/x86_64-linux-gnu/:/usr/lib/gcc/x86_64-linux-gnu/11/:/usr/lib/gcc/x86_64-linux-gnu/]
  ignore line: [LIBRARY_PATH=/opt/intel/oneapi/tcm/1.4/lib/../lib/:/opt/intel/oneapi/umf/1.0/lib/../lib/:/opt/intel/oneapi/tbb/2022.3/env/../lib/intel64/gcc4.8/../lib/:/opt/intel/oneapi/mpi/2021.17/lib/../lib/:/opt/intel/oneapi/mkl/2025.3/lib/../lib/:/opt/intel/oneapi/ishmem/1.5/lib/../lib/:/opt/intel/oneapi/ippcp/2025.3/lib/../lib/:/opt/intel/oneapi/ipp/2022.3/lib/../lib/:/opt/intel/oneapi/dnnl/2025.3/lib/../lib/:/opt/intel/oneapi/dal/2025.9/lib/../lib/:/opt/intel/oneapi/compiler/2025.3/lib/../lib/:/opt/intel/oneapi/ccl/2021.17/lib/../lib/:/usr/lib/gcc/x86_64-linux-gnu/11/:/usr/lib/gcc/x86_64-linux-gnu/11/../../../x86_64-linux-gnu/:/usr/lib/gcc/x86_64-linux-gnu/11/../../../../lib/:/lib/x86_64-linux-gnu/:/lib/../lib/:/usr/lib/x86_64-linux-gnu/:/usr/lib/../lib/:/opt/intel/oneapi/tcm/1.4/lib/:/opt/intel/oneapi/umf/1.0/lib/:/opt/intel/oneapi/tbb/2022.3/env/../lib/intel64/gcc4.8/:/opt/intel/oneapi/mpi/2021.17/lib/:/opt/intel/oneapi/mkl/2025.3/lib/:/opt/intel/oneapi/ishmem/1.5/lib/:/opt/intel/oneapi/ippcp/2025.3/lib/:/opt/intel/oneapi/ipp/2022.3/lib/:/opt/intel/oneapi/dnnl/2025.3/lib/:/opt/intel/oneapi/dal/2025.9/lib/:/opt/intel/oneapi/compiler/2025.3/lib/:/opt/intel/oneapi/ccl/2021.17/lib/:/usr/lib/gcc/x86_64-linux-gnu/11/../../../:/lib/:/usr/lib/]
  ignore line: [COLLECT_GCC_OPTIONS='-v' '-o' 'cmTC_597f3' '-shared-libgcc' '-mtune=generic' '-march=x86-64' '-dumpdir' 'cmTC_597f3.']
  link line: [ /usr/lib/gcc/x86_64-linux-gnu/11/collect2 -plugin /usr/lib/gcc/x86_64-linux-gnu/11/liblto_plugin.so -plugin-opt=/usr/lib/gcc/x86_64-linux-gnu/11/lto-wrapper -plugin-opt=-fresolution=/tmp/ccyUOh1L.res -plugin-opt=-pass-through=-lgcc_s -plugin-opt=-pass-through=-lgcc -plugin-opt=-pass-through=-lquadmath -plugin-opt=-pass-through=-lm -plugin-opt=-pass-through=-lgcc_s -plugin-opt=-pass-through=-lgcc -plugin-opt=-pass-through=-lc -plugin-opt=-pass-through=-lgcc_s -plugin-opt=-pass-through=-lgcc --build-id --eh-frame-hdr -m elf_x86_64 --hash-style=gnu --as-needed -dynamic-linker /lib64/ld-linux-x86-64.so.2 -pie -z now -z relro -o cmTC_597f3 /usr/lib/gcc/x86_64-linux-gnu/11/../../../x86_64-linux-gnu/Scrt1.o /usr/lib/gcc/x86_64-linux-gnu/11/../../../x86_64-linux-gnu/crti.o /usr/lib/gcc/x86_64-linux-gnu/11/crtbeginS.o -L/opt/intel/oneapi/tcm/1.4/lib/../lib -L/opt/intel/oneapi/umf/1.0/lib/../lib -L/opt/intel/oneapi/tbb/2022.3/env/../lib/intel64/gcc4.8/../lib -L/opt/intel/oneapi/mpi/2021.17/lib/../lib -L/opt/intel/oneapi/mkl/2025.3/lib/../lib -L/opt/intel/oneapi/ishmem/1.5/lib/../lib -L/opt/intel/oneapi/ippcp/2025.3/lib/../lib -L/opt/intel/oneapi/ipp/2022.3/lib/../lib -L/opt/intel/oneapi/dnnl/2025.3/lib/../lib -L/opt/intel/oneapi/dal/2025.9/lib/../lib -L/opt/intel/oneapi/compiler/2025.3/lib/../lib -L/opt/intel/oneapi/ccl/2021.17/lib/../lib -L/usr/lib/gcc/x86_64-linux-gnu/11 -L/usr/lib/gcc/x86_64-linux-gnu/11/../../../x86_64-linux-gnu -L/usr/lib/gcc/x86_64-linux-gnu/11/../../../../lib -L/lib/x86_64-linux-gnu -L/lib/../lib -L/usr/lib/x86_64-linux-gnu -L/usr/lib/../lib -L/opt/intel/oneapi/tcm/1.4/lib -L/opt/intel/oneapi/umf/1.0/lib -L/opt/intel/oneapi/tbb/2022.3/env/../lib/intel64/gcc4.8 -L/opt/intel/oneapi/mpi/2021.17/lib -L/opt/intel/oneapi/mkl/2025.3/lib -L/opt/intel/oneapi/ishmem/1.5/lib -L/opt/intel/oneapi/ippcp/2025.3/lib -L/opt/intel/oneapi/ipp/2022.3/lib -L/opt/intel/oneapi/dnnl/2025.3/lib -L/opt/intel/oneapi/dal/2025.9/lib -L/opt/intel/oneapi/compiler/2025.3/lib -L/opt/intel/oneapi/ccl/2021.17/lib -L/usr/lib/gcc/x86_64-linux-gnu/11/../../.. CMakeFiles/cmTC_597f3.dir/CMakeFortranCompilerABI.F90.o -lgfortran -lm -lgcc_s -lgcc -lquadmath -lm -lgcc_s -lgcc -lc -lgcc_s -lgcc /usr/lib/gcc/x86_64-linux-gnu/11/crtendS.o /usr/lib/gcc/x86_64-linux-gnu/11/../../../x86_64-linux-gnu/crtn.o]
    arg [/usr/lib/gcc/x86_64-linux-gnu/11/collect2] ==> ignore
    arg [-plugin] ==> ignore
    arg [/usr/lib/gcc/x86_64-linux-gnu/11/liblto_plugin.so] ==> ignore
    arg [-plugin-opt=/usr/lib/gcc/x86_64-linux-gnu/11/lto-wrapper] ==> ignore
    arg [-plugin-opt=-fresolution=/tmp/ccyUOh1L.res] ==> ignore
    arg [-plugin-opt=-pass-through=-lgcc_s] ==> ignore
    arg [-plugin-opt=-pass-through=-lgcc] ==> ignore
    arg [-plugin-opt=-pass-through=-lquadmath] ==> ignore
    arg [-plugin-opt=-pass-through=-lm] ==> ignore
    arg [-plugin-opt=-pass-through=-lgcc_s] ==> ignore
    arg [-plugin-opt=-pass-through=-lgcc] ==> ignore
    arg [-plugin-opt=-pass-through=-lc] ==> ignore
    arg [-plugin-opt=-pass-through=-lgcc_s] ==> ignore
    arg [-plugin-opt=-pass-through=-lgcc] ==> ignore
    arg [--build-id] ==> ignore
    arg [--eh-frame-hdr] ==> ignore
    arg [-m] ==> ignore
    arg [elf_x86_64] ==> ignore
    arg [--hash-style=gnu] ==> ignore
    arg [--as-needed] ==> ignore
    arg [-dynamic-linker] ==> ignore
    arg [/lib64/ld-linux-x86-64.so.2] ==> ignore
    arg [-pie] ==> ignore
    arg [-znow] ==> ignore
    arg [-zrelro] ==> ignore
    arg [-o] ==> ignore
    arg [cmTC_597f3] ==> ignore
    arg [/usr/lib/gcc/x86_64-linux-gnu/11/../../../x86_64-linux-gnu/Scrt1.o] ==> obj [/usr/lib/gcc/x86_64-linux-gnu/11/../../../x86_64-linux-gnu/Scrt1.o]
    arg [/usr/lib/gcc/x86_64-linux-gnu/11/../../../x86_64-linux-gnu/crti.o] ==> obj [/usr/lib/gcc/x86_64-linux-gnu/11/../../../x86_64-linux-gnu/crti.o]
    arg [/usr/lib/gcc/x86_64-linux-gnu/11/crtbeginS.o] ==> obj [/usr/lib/gcc/x86_64-linux-gnu/11/crtbeginS.o]
    arg [-L/opt/intel/oneapi/tcm/1.4/lib/../lib] ==> dir [/opt/intel/oneapi/tcm/1.4/lib/../lib]
    arg [-L/opt/intel/oneapi/umf/1.0/lib/../lib] ==> dir [/opt/intel/oneapi/umf/1.0/lib/../lib]
    arg [-L/opt/intel/oneapi/tbb/2022.3/env/../lib/intel64/gcc4.8/../lib] ==> dir [/opt/intel/oneapi/tbb/2022.3/env/../lib/intel64/gcc4.8/../lib]
    arg [-L/opt/intel/oneapi/mpi/2021.17/lib/../lib] ==> dir [/opt/intel/oneapi/mpi/2021.17/lib/../lib]
    arg [-L/opt/intel/oneapi/mkl/2025.3/lib/../lib] ==> dir [/opt/intel/oneapi/mkl/2025.3/lib/../lib]
    arg [-L/opt/intel/oneapi/ishmem/1.5/lib/../lib] ==> dir [/opt/intel/oneapi/ishmem/1.5/lib/../lib]
    arg [-L/opt/intel/oneapi/ippcp/2025.3/lib/../lib] ==> dir [/opt/intel/oneapi/ippcp/2025.3/lib/../lib]
    arg [-L/opt/intel/oneapi/ipp/2022.3/lib/../lib] ==> dir [/opt/intel/oneapi/ipp/2022.3/lib/../lib]
    arg [-L/opt/intel/oneapi/dnnl/2025.3/lib/../lib] ==> dir [/opt/intel/oneapi/dnnl/2025.3/lib/../lib]
    arg [-L/opt/intel/oneapi/dal/2025.9/lib/../lib] ==> dir [/opt/intel/oneapi/dal/2025.9/lib/../lib]
    arg [-L/opt/intel/oneapi/compiler/2025.3/lib/../lib] ==> dir [/opt/intel/oneapi/compiler/2025.3/lib/../lib]
    arg [-L/opt/intel/oneapi/ccl/2021.17/lib/../lib] ==> dir [/opt/intel/oneapi/ccl/2021.17/lib/../lib]
    arg [-L/usr/lib/gcc/x86_64-linux-gnu/11] ==> dir [/usr/lib/gcc/x86_64-linux-gnu/11]
    arg [-L/usr/lib/gcc/x86_64-linux-gnu/11/../../../x86_64-linux-gnu] ==> dir [/usr/lib/gcc/x86_64-linux-gnu/11/../../../x86_64-linux-gnu]
    arg [-L/usr/lib/gcc/x86_64-linux-gnu/11/../../../../lib] ==> dir [/usr/lib/gcc/x86_64-linux-gnu/11/../../../../lib]
    arg [-L/lib/x86_64-linux-gnu] ==> dir [/lib/x86_64-linux-gnu]
    arg [-L/lib/../lib] ==> dir [/lib/../lib]
    arg [-L/usr/lib/x86_64-linux-gnu] ==> dir [/usr/lib/x86_64-linux-gnu]
    arg [-L/usr/lib/../lib] ==> dir [/usr/lib/../lib]
    arg [-L/opt/intel/oneapi/tcm/1.4/lib] ==> dir [/opt/intel/oneapi/tcm/1.4/lib]
    arg [-L/opt/intel/oneapi/umf/1.0/lib] ==> dir [/opt/intel/oneapi/umf/1.0/lib]
    arg [-L/opt/intel/oneapi/tbb/2022.3/env/../lib/intel64/gcc4.8] ==> dir [/opt/intel/oneapi/tbb/2022.3/env/../lib/intel64/gcc4.8]
    arg [-L/opt/intel/oneapi/mpi/2021.17/lib] ==> dir [/opt/intel/oneapi/mpi/2021.17/lib]
    arg [-L/opt/intel/oneapi/mkl/2025.3/lib] ==> dir [/opt/intel/oneapi/mkl/2025.3/lib]
    arg [-L/opt/intel/oneapi/ishmem/1.5/lib] ==> dir [/opt/intel/oneapi/ishmem/1.5/lib]
    arg [-L/opt/intel/oneapi/ippcp/2025.3/lib] ==> dir [/opt/intel/oneapi/ippcp/2025.3/lib]
    arg [-L/opt/intel/oneapi/ipp/2022.3/lib] ==> dir [/opt/intel/oneapi/ipp/2022.3/lib]
    arg [-L/opt/intel/oneapi/dnnl/2025.3/lib] ==> dir [/opt/intel/oneapi/dnnl/2025.3/lib]
    arg [-L/opt/intel/oneapi/dal/2025.9/lib] ==> dir [/opt/intel/oneapi/dal/2025.9/lib]
    arg [-L/opt/intel/oneapi/compiler/2025.3/lib] ==> dir [/opt/intel/oneapi/compiler/2025.3/lib]
    arg [-L/opt/intel/oneapi/ccl/2021.17/lib] ==> dir [/opt/intel/oneapi/ccl/2021.17/lib]
    arg [-L/usr/lib/gcc/x86_64-linux-gnu/11/../../..] ==> dir [/usr/lib/gcc/x86_64-linux-gnu/11/../../..]
    arg [CMakeFiles/cmTC_597f3.dir/CMakeFortranCompilerABI.F90.o] ==> ignore
    arg [-lgfortran] ==> lib [gfortran]
    arg [-lm] ==> lib [m]
    arg [-lgcc_s] ==> lib [gcc_s]
    arg [-lgcc] ==> lib [gcc]
    arg [-lquadmath] ==> lib [quadmath]
    arg [-lm] ==> lib [m]
    arg [-lgcc_s] ==> lib [gcc_s]
    arg [-lgcc] ==> lib [gcc]
    arg [-lc] ==> lib [c]
    arg [-lgcc_s] ==> lib [gcc_s]
    arg [-lgcc] ==> lib [gcc]
    arg [/usr/lib/gcc/x86_64-linux-gnu/11/crtendS.o] ==> obj [/usr/lib/gcc/x86_64-linux-gnu/11/crtendS.o]
    arg [/usr/lib/gcc/x86_64-linux-gnu/11/../../../x86_64-linux-gnu/crtn.o] ==> obj [/usr/lib/gcc/x86_64-linux-gnu/11/../../../x86_64-linux-gnu/crtn.o]
  collapse obj [/usr/lib/gcc/x86_64-linux-gnu/11/../../../x86_64-linux-gnu/Scrt1.o] ==> [/usr/lib/x86_64-linux-gnu/Scrt1.o]
  collapse obj [/usr/lib/gcc/x86_64-linux-gnu/11/../../../x86_64-linux-gnu/crti.o] ==> [/usr/lib/x86_64-linux-gnu/crti.o]
  collapse obj [/usr/lib/gcc/x86_64-linux-gnu/11/../../../x86_64-linux-gnu/crtn.o] ==> [/usr/lib/x86_64-linux-gnu/crtn.o]
  collapse library dir [/opt/intel/oneapi/tcm/1.4/lib/../lib] ==> [/opt/intel/oneapi/tcm/1.4/lib]
  collapse library dir [/opt/intel/oneapi/umf/1.0/lib/../lib] ==> [/opt/intel/oneapi/umf/1.0/lib]
  collapse library dir [/opt/intel/oneapi/tbb/2022.3/env/../lib/intel64/gcc4.8/../lib] ==> [/opt/intel/oneapi/tbb/2022.3/lib/intel64/lib]
  collapse library dir [/opt/intel/oneapi/mpi/2021.17/lib/../lib] ==> [/opt/intel/oneapi/mpi/2021.17/lib]
  collapse library dir [/opt/intel/oneapi/mkl/2025.3/lib/../lib] ==> [/opt/intel/oneapi/mkl/2025.3/lib]
  collapse library dir [/opt/intel/oneapi/ishmem/1.5/lib/../lib] ==> [/opt/intel/oneapi/ishmem/1.5/lib]
  collapse library dir [/opt/intel/oneapi/ippcp/2025.3/lib/../lib] ==> [/opt/intel/oneapi/ippcp/2025.3/lib]
  collapse library dir [/opt/intel/oneapi/ipp/2022.3/lib/../lib] ==> [/opt/intel/oneapi/ipp/2022.3/lib]
  collapse library dir [/opt/intel/oneapi/dnnl/2025.3/lib/../lib] ==> [/opt/intel/oneapi/dnnl/2025.3/lib]
  collapse library dir [/opt/intel/oneapi/dal/2025.9/lib/../lib] ==> [/opt/intel/oneapi/dal/2025.9/lib]
  collapse library dir [/opt/intel/oneapi/compiler/2025.3/lib/../lib] ==> [/opt/intel/oneapi/compiler/2025.3/lib]
  collapse library dir [/opt/intel/oneapi/ccl/2021.17/lib/../lib] ==> [/opt/intel/oneapi/ccl/2021.17/lib]
  collapse library dir [/usr/lib/gcc/x86_64-linux-gnu/11] ==> [/usr/lib/gcc/x86_64-linux-gnu/11]
  collapse library dir [/usr/lib/gcc/x86_64-linux-gnu/11/../../../x86_64-linux-gnu] ==> [/usr/lib/x86_64-linux-gnu]
  collapse library dir [/usr/lib/gcc/x86_64-linux-gnu/11/../../../../lib] ==> [/usr/lib]
  collapse library dir [/lib/x86_64-linux-gnu] ==> [/lib/x86_64-linux-gnu]
  collapse library dir [/lib/../lib] ==> [/lib]
  collapse library dir [/usr/lib/x86_64-linux-gnu] ==> [/usr/lib/x86_64-linux-gnu]
  collapse library dir [/usr/lib/../lib] ==> [/usr/lib]
  collapse library dir [/opt/intel/oneapi/tcm/1.4/lib] ==> [/opt/intel/oneapi/tcm/1.4/lib]
  collapse library dir [/opt/intel/oneapi/umf/1.0/lib] ==> [/opt/intel/oneapi/umf/1.0/lib]
  collapse library dir [/opt/intel/oneapi/tbb/2022.3/env/../lib/intel64/gcc4.8] ==> [/opt/intel/oneapi/tbb/2022.3/lib/intel64/gcc4.8]
  collapse library dir [/opt/intel/oneapi/mpi/2021.17/lib] ==> [/opt/intel/oneapi/mpi/2021.17/lib]
  collapse library dir [/opt/intel/oneapi/mkl/2025.3/lib] ==> [/opt/intel/oneapi/mkl/2025.3/lib]
  collapse library dir [/opt/intel/oneapi/ishmem/1.5/lib] ==> [/opt/intel/oneapi/ishmem/1.5/lib]
  collapse library dir [/opt/intel/oneapi/ippcp/2025.3/lib] ==> [/opt/intel/oneapi/ippcp/2025.3/lib]
  collapse library dir [/opt/intel/oneapi/ipp/2022.3/lib] ==> [/opt/intel/oneapi/ipp/2022.3/lib]
  collapse library dir [/opt/intel/oneapi/dnnl/2025.3/lib] ==> [/opt/intel/oneapi/dnnl/2025.3/lib]
  collapse library dir [/opt/intel/oneapi/dal/2025.9/lib] ==> [/opt/intel/oneapi/dal/2025.9/lib]
  collapse library dir [/opt/intel/oneapi/compiler/2025.3/lib] ==> [/opt/intel/oneapi/compiler/2025.3/lib]
  collapse library dir [/opt/intel/oneapi/ccl/2021.17/lib] ==> [/opt/intel/oneapi/ccl/2021.17/lib]
  collapse library dir [/usr/lib/gcc/x86_64-linux-gnu/11/../../..] ==> [/usr/lib]
  implicit libs: [gfortran;m;gcc_s;gcc;quadmath;m;gcc_s;gcc;c;gcc_s;gcc]
  implicit objs: [/usr/lib/x86_64-linux-gnu/Scrt1.o;/usr/lib/x86_64-linux-gnu/crti.o;/usr/lib/gcc/x86_64-linux-gnu/11/crtbeginS.o;/usr/lib/gcc/x86_64-linux-gnu/11/crtendS.o;/usr/lib/x86_64-linux-gnu/crtn.o]
  implicit dirs: [/opt/intel/oneapi/tcm/1.4/lib;/opt/intel/oneapi/umf/1.0/lib;/opt/intel/oneapi/tbb/2022.3/lib/intel64/lib;/opt/intel/oneapi/mpi/2021.17/lib;/opt/intel/oneapi/mkl/2025.3/lib;/opt/intel/oneapi/ishmem/1.5/lib;/opt/intel/oneapi/ippcp/2025.3/lib;/opt/intel/oneapi/ipp/2022.3/lib;/opt/intel/oneapi/dnnl/2025.3/lib;/opt/intel/oneapi/dal/2025.9/lib;/opt/intel/oneapi/compiler/2025.3/lib;/opt/intel/oneapi/ccl/2021.17/lib;/usr/lib/gcc/x86_64-linux-gnu/11;/usr/lib/x86_64-linux-gnu;/usr/lib;/lib/x86_64-linux-gnu;/lib;/opt/intel/oneapi/tbb/2022.3/lib/intel64/gcc4.8]
  implicit fwks: []


Detecting C compiler ABI info compiled with the following output:
Change Dir: /home/tom/Documents/Repo/MNCM/src/build/CMakeFiles/CMakeTmp

Run Build Command(s):/usr/bin/gmake -f Makefile cmTC_4dcc0/fast && /usr/bin/gmake  -f CMakeFiles/cmTC_4dcc0.dir/build.make CMakeFiles/cmTC_4dcc0.dir/build
gmake[1]: Entering directory '/home/tom/Documents/Repo/MNCM/src/build/CMakeFiles/CMakeTmp'
Building C object CMakeFiles/cmTC_4dcc0.dir/CMakeCCompilerABI.c.o
/usr/bin/gcc   -v -o CMakeFiles/cmTC_4dcc0.dir/CMakeCCompilerABI.c.o -c /usr/share/cmake-3.22/Modules/CMakeCCompilerABI.c
Using built-in specs.
COLLECT_GCC=/usr/bin/gcc
OFFLOAD_TARGET_NAMES=nvptx-none:amdgcn-amdhsa
OFFLOAD_TARGET_DEFAULT=1
Target: x86_64-linux-gnu
Configured with: ../src/configure -v --with-pkgversion='Ubuntu 11.4.0-1ubuntu1~22.04.2' --with-bugurl=file:///usr/share/doc/gcc-11/README.Bugs --enable-languages=c,ada,c++,go,brig,d,fortran,objc,obj-c++,m2 --prefix=/usr --with-gcc-major-version-only --program-suffix=-11 --program-prefix=x86_64-linux-gnu- --enable-shared --enable-linker-build-id --libexecdir=/usr/lib --without-included-gettext --enable-threads=posix --libdir=/usr/lib --enable-nls --enable-bootstrap --enable-clocale=gnu --enable-libstdcxx-debug --enable-libstdcxx-time=yes --with-default-libstdcxx-abi=new --enable-gnu-unique-object --disable-vtable-verify --enable-plugin --enable-default-pie --with-system-zlib --enable-libphobos-checking=release --with-target-system-zlib=auto --enable-objc-gc=auto --enable-multiarch --disable-werror --enable-cet --with-arch-32=i686 --with-abi=m64 --with-multilib-list=m32,m64,mx32 --enable-multilib --with-tune=generic --enable-offload-targets=nvptx-none=/build/gcc-11-2Y5pKs/gcc-11-11.4.0/debian/tmp-nvptx/usr,amdgcn-amdhsa=/build/gcc-11-2Y5pKs/gcc-11-11.4.0/debian/tmp-gcn/usr --without-cuda-driver --enable-checking=release --build=x86_64-linux-gnu --host=x86_64-linux-gnu --target=x86_64-linux-gnu --with-build-config=bootstrap-lto-lean --enable-link-serialization=2
Thread model: posix
Supported LTO compression algorithms: zlib zstd
gcc version 11.4.0 (Ubuntu 11.4.0-1ubuntu1~22.04.2) 
COLLECT_GCC_OPTIONS='-v' '-o' 'CMakeFiles/cmTC_4dcc0.dir/CMakeCCompilerABI.c.o' '-c' '-mtune=generic' '-march=x86-64' '-dumpdir' 'CMakeFiles/cmTC_4dcc0.dir/'
 /usr/lib/gcc/x86_64-linux-gnu/11/cc1 -quiet -v -imultiarch x86_64-linux-gnu /usr/share/cmake-3.22/Modules/CMakeCCompilerABI.c -quiet -dumpdir CMakeFiles/cmTC_4dcc0.dir/ -dumpbase CMakeCCompilerABI.c.c -dumpbase-ext .c -mtune=generic -march=x86-64 -version -fasynchronous-unwind-tables -fstack-protector-strong -Wformat -Wformat-security -fstack-clash-protection -fcf-protection -o /tmp/ccojRSN3.s
GNU C17 (Ubuntu 11.4.0-1ubuntu1~22.04.2) version 11.4.0 (x86_64-linux-gnu)
	compiled by GNU C version 11.4.0, GMP version 6.2.1, MPFR version 4.1.0, MPC version 1.2.1, isl version isl-0.24-GMP

GGC heuristics: --param ggc-min-expand=100 --param ggc-min-heapsize=131072
ignoring nonexistent directory "/usr/local/include/x86_64-linux-gnu"
ignoring nonexistent directory "/usr/lib/gcc/x86_64-linux-gnu/11/include-fixed"
ignoring nonexistent directory "/usr/lib/gcc/x86_64-linux-gnu/11/../../../../x86_64-linux-gnu/include"
ignoring duplicate directory "/opt/intel/oneapi/umf/1.0/include"
  as it is a non-system directory that duplicates a system directory
ignoring duplicate directory "/opt/intel/oneapi/mkl/2025.3/include"
  as it is a non-system directory that duplicates a system directory
#include "..." search starts here:
#include <...> search starts here:
 /opt/intel/oneapi/dev-utilities/2025.3/include
 /opt/intel/oneapi/ccl/2021.17/include
 /opt/intel/oneapi/umf/1.0/include
 /opt/intel/oneapi/tbb/2022.3/env/../include
 /opt/intel/oneapi/mpi/2021.17/include
 /opt/intel/oneapi/mkl/2025.3/include
 /opt/intel/oneapi/ishmem/1.5/include
 /opt/intel/oneapi/ippcp/2025.3/include
 /opt/intel/oneapi/ipp/2022.3/include
 /opt/intel/oneapi/dnnl/2025.3/include
 /usr/lib/gcc/x86_64-linux-gnu/11/include
 /usr/local/include
 /usr/include/x86_64-linux-gnu
 /usr/include
End of search list.
GNU C17 (Ubuntu 11.4.0-1ubuntu1~22.04.2) version 11.4.0 (x86_64-linux-gnu)
	compiled by GNU C version 11.4.0, GMP version 6.2.1, MPFR version 4.1.0, MPC version 1.2.1, isl version isl-0.24-GMP

GGC heuristics: --param ggc-min-expand=100 --param ggc-min-heapsize=131072
Compiler executable checksum: 4011c2103cba78949d7e02d0f0047a3d
COLLECT_GCC_OPTIONS='-v' '-o' 'CMakeFiles/cmTC_4dcc0.dir/CMakeCCompilerABI.c.o' '-c' '-mtune=generic' '-march=x86-64' '-dumpdir' 'CMakeFiles/cmTC_4dcc0.dir/'
 as -v --64 -o CMakeFiles/cmTC_4dcc0.dir/CMakeCCompilerABI.c.o /tmp/ccojRSN3.s
GNU assembler version 2.38 (x86_64-linux-gnu) using BFD version (GNU Binutils for Ubuntu) 2.38
COMPILER_PATH=/usr/lib/gcc/x86_64-linux-gnu/11/:/usr/lib/gcc/x86_64-linux-gnu/11/:/usr/lib/gcc/x86_64-linux-gnu/:/usr/lib/gcc/x86_64-linux-gnu/11/:/usr/lib/gcc/x86_64-linux-gnu/
LIBRARY_PATH=/opt/intel/oneapi/tcm/1.4/lib/../lib/:/opt/intel/oneapi/umf/1.0/lib/../lib/:/opt/intel/oneapi/tbb/2022.3/env/../lib/intel64/gcc4.8/../lib/:/opt/intel/oneapi/mpi/2021.17/lib/../lib/:/opt/intel/oneapi/mkl/2025.3/lib/../lib/:/opt/intel/oneapi/ishmem/1.5/lib/../lib/:/opt/intel/oneapi/ippcp/2025.3/lib/../lib/:/opt/intel/oneapi/ipp/2022.3/lib/../lib/:/opt/intel/oneapi/dnnl/2025.3/lib/../lib/:/opt/intel/oneapi/dal/2025.9/lib/../lib/:/opt/intel/oneapi/compiler/2025.3/lib/../lib/:/opt/intel/oneapi/ccl/2021.17/lib/../lib/:/usr/lib/gcc/x86_64-linux-gnu/11/:/usr/lib/gcc/x86_64-linux-gnu/11/../../../x86_64-linux-gnu/:/usr/lib/gcc/x86_64-linux-gnu/11/../../../../lib/:/lib/x86_64-linux-gnu/:/lib/../lib/:/usr/lib/x86_64-linux-gnu/:/usr/lib/../lib/:/opt/intel/oneapi/tcm/1.4/lib/:/opt/intel/oneapi/umf/1.0/lib/:/opt/intel/oneapi/tbb/2022.3/env/../lib/intel64/gcc4.8/:/opt/intel/oneapi/mpi/2021.17/lib/:/opt/intel/oneapi/mkl/2025.3/lib/:/opt/intel/oneapi/ishmem/1.5/lib/:/opt/intel/oneapi/ippcp/2025.3/lib/:/opt/intel/oneapi/ipp/2022.3/lib/:/opt/intel/oneapi/dnnl/2025.3/lib/:/opt/intel/oneapi/dal/2025.9/lib/:/opt/intel/oneapi/compiler/2025.3/lib/:/opt/intel/oneapi/ccl/2021.17/lib/:/usr/lib/gcc/x86_64-linux-gnu/11/../../../:/lib/:/usr/lib/
COLLECT_GCC_OPTIONS='-v' '-o' 'CMakeFiles/cmTC_4dcc0.dir/CMakeCCompilerABI.c.o' '-c' '-mtune=generic' '-march=x86-64' '-dumpdir' 'CMakeFiles/cmTC_4dcc0.dir/CMakeCCompilerABI.c.'
Linking C executable cmTC_4dcc0
/usr/bin/cmake -E cmake_link_script CMakeFiles/cmTC_4dcc0.dir/link.txt --verbose=1
/usr/bin/gcc  -v -rdynamic CMakeFiles/cmTC_4dcc0.dir/CMakeCCompilerABI.c.o -o cmTC_4dcc0 
Using built-in specs.
COLLECT_GCC=/usr/bin/gcc
COLLECT_LTO_WRAPPER=/usr/lib/gcc/x86_64-linux-gnu/11/lto-wrapper
OFFLOAD_TARGET_NAMES=nvptx-none:amdgcn-amdhsa
OFFLOAD_TARGET_DEFAULT=1
Target: x86_64-linux-gnu
Configured with: ../src/configure -v --with-pkgversion='Ubuntu 11.4.0-1ubuntu1~22.04.2' --with-bugurl=file:///usr/share/doc/gcc-11/README.Bugs --enable-languages=c,ada,c++,go,brig,d,fortran,objc,obj-c++,m2 --prefix=/usr --with-gcc-major-version-only --program-suffix=-11 --program-prefix=x86_64-linux-gnu- --enable-shared --enable-linker-build-id --libexecdir=/usr/lib --without-included-gettext --enable-threads=posix --libdir=/usr/lib --enable-nls --enable-bootstrap --enable-clocale=gnu --enable-libstdcxx-debug --enable-libstdcxx-time=yes --with-default-libstdcxx-abi=new --enable-gnu-unique-object --disable-vtable-verify --enable-plugin --enable-default-pie --with-system-zlib --enable-libphobos-checking=release --with-target-system-zlib=auto --enable-objc-gc=auto --enable-multiarch --disable-werror --enable-cet --with-arch-32=i686 --with-abi=m64 --with-multilib-list=m32,m64,mx32 --enable-multilib --with-tune=generic --enable-offload-targets=nvptx-none=/build/gcc-11-2Y5pKs/gcc-11-11.4.0/debian/tmp-nvptx/usr,amdgcn-amdhsa=/build/gcc-11-2Y5pKs/gcc-11-11.4.0/debian/tmp-gcn/usr --without-cuda-driver --enable-checking=release --build=x86_64-linux-gnu --host=x86_64-linux-gnu --target=x86_64-linux-gnu --with-build-config=bootstrap-lto-lean --enable-link-serialization=2
Thread model: posix
Supported LTO compression algorithms: zlib zstd
gcc version 11.4.0 (Ubuntu 11.4.0-1ubuntu1~22.04.2) 
COMPILER_PATH=/usr/lib/gcc/x86_64-linux-gnu/11/:/usr/lib/gcc/x86_64-linux-gnu/11/:/usr/lib/gcc/x86_64-linux-gnu/:/usr/lib/gcc/x86_64-linux-gnu/11/:/usr/lib/gcc/x86_64-linux-gnu/
LIBRARY_PATH=/opt/intel/oneapi/tcm/1.4/lib/../lib/:/opt/intel/oneapi/umf/1.0/lib/../lib/:/opt/intel/oneapi/tbb/2022.3/env/../lib/intel64/gcc4.8/../lib/:/opt/intel/oneapi/mpi/2021.17/lib/../lib/:/opt/intel/oneapi/mkl/2025.3/lib/../lib/:/opt/intel/oneapi/ishmem/1.5/lib/../lib/:/opt/intel/oneapi/ippcp/2025.3/lib/../lib/:/opt/intel/oneapi/ipp/2022.3/lib/../lib/:/opt/intel/oneapi/dnnl/2025.3/lib/../lib/:/opt/intel/oneapi/dal/2025.9/lib/../lib/:/opt/intel/oneapi/compiler/2025.3/lib/../lib/:/opt/intel/oneapi/ccl/2021.17/lib/../lib/:/usr/lib/gcc/x86_64-linux-gnu/11/:/usr/lib/gcc/x86_64-linux-gnu/11/../../../x86_64-linux-gnu/:/usr/lib/gcc/x86_64-linux-gnu/11/../../../../lib/:/lib/x86_64-linux-gnu/:/lib/../lib/:/usr/lib/x86_64-linux-gnu/:/usr/lib/../lib/:/opt/intel/oneapi/tcm/1.4/lib/:/opt/intel/oneapi/umf/1.0/lib/:/opt/intel/oneapi/tbb/2022.3/env/../lib/intel64/gcc4.8/:/opt/intel/oneapi/mpi/2021.17/lib/:/opt/intel/oneapi/mkl/2025.3/lib/:/opt/intel/oneapi/ishmem/1.5/lib/:/opt/intel/oneapi/ippcp/2025.3/lib/:/opt/intel/oneapi/ipp/2022.3/lib/:/opt/intel/oneapi/dnnl/2025.3/lib/:/opt/intel/oneapi/dal/2025.9/lib/:/opt/intel/oneapi/compiler/2025.3/lib/:/opt/intel/oneapi/ccl/2021.17/lib/:/usr/lib/gcc/x86_64-linux-gnu/11/../../../:/lib/:/usr/lib/
COLLECT_GCC_OPTIONS='-v' '-rdynamic' '-o' 'cmTC_4dcc0' '-mtune=generic' '-march=x86-64' '-dumpdir' 'cmTC_4dcc0.'
 /usr/lib/gcc/x86_64-linux-gnu/11/collect2 -plugin /usr/lib/gcc/x86_64-linux-gnu/11/liblto_plugin.so -plugin-opt=/usr/lib/gcc/x86_64-linux-gnu/11/lto-wrapper -plugin-opt=-fresolution=/tmp/cc92fEDh.res -plugin-opt=-pass-through=-lgcc -plugin-opt=-pass-through=-lgcc_s -plugin-opt=-pass-through=-lc -plugin-opt=-pass-through=-lgcc -plugin-opt=-pass-through=-lgcc_s --build-id --eh-frame-hdr -m elf_x86_64 --hash-style=gnu --as-needed -export-dynamic -dynamic-linker /lib64/ld-linux-x86-64.so.2 -pie -z now -z relro -o cmTC_4dcc0 /usr/lib/gcc/x86_64-linux-gnu/11/../../../x86_64-linux-gnu/Scrt1.o /usr/lib/gcc/x86_64-linux-gnu/11/../../../x86_64-linux-gnu/crti.o /usr/lib/gcc/x86_64-linux-gnu/11/crtbeginS.o -L/opt/intel/oneapi/tcm/1.4/lib/../lib -L/opt/intel/oneapi/umf/1.0/lib/../lib -L/opt/intel/oneapi/tbb/2022.3/env/../lib/intel64/gcc4.8/../lib -L/opt/intel/oneapi/mpi/2021.17/lib/../lib -L/opt/intel/oneapi/mkl/2025.3/lib/../lib -L/opt/intel/oneapi/ishmem/1.5/lib/../lib -L/opt/intel/oneapi/ippcp/2025.3/lib/../lib -L/opt/intel/oneapi/ipp/2022.3/lib/../lib -L/opt/intel/oneapi/dnnl/2025.3/lib/../lib -L/opt/intel/oneapi/dal/2025.9/lib/../lib -L/opt/intel/oneapi/compiler/2025.3/lib/../lib -L/opt/intel/oneapi/ccl/2021.17/lib/../lib -L/usr/lib/gcc/x86_64-linux-gnu/11 -L/usr/lib/gcc/x86_64-linux-gnu/11/../../../x86_64-linux-gnu -L/usr/lib/gcc/x86_64-linux-gnu/11/../../../../lib -L/lib/x86_64-linux-gnu -L/lib/../lib -L/usr/lib/x86_64-linux-gnu -L/usr/lib/../lib -L/opt/intel/oneapi/tcm/1.4/lib -L/opt/intel/oneapi/umf/1.0/lib -L/opt/intel/oneapi/tbb/2022.3/env/../lib/intel64/gcc4.8 -L/opt/intel/oneapi/mpi/2021.17/lib -L/opt/intel/oneapi/mkl/2025.3/lib -L/opt/intel/oneapi/ishmem/1.5/lib -L/opt/intel/oneapi/ippcp/2025.3/lib -L/opt/intel/oneapi/ipp/2022.3/lib -L/opt/intel/oneapi/dnnl/2025.3/lib -L/opt/intel/oneapi/dal/2025.9/lib -L/opt/intel/oneapi/compiler/2025.3/lib -L/opt/intel/oneapi/ccl/2021.17/lib -L/usr/lib/gcc/x86_64-linux-gnu/11/../../.. CMakeFiles/cmTC_4dcc0.dir/CMakeCCompilerABI.c.o -lgcc --push-state --as-needed -lgcc_s --pop-state -lc -lgcc --push-state --as-needed -lgcc_s --pop-state /usr/lib/gcc/x86_64-linux-gnu/11/crtendS.o /usr/lib/gcc/x86_64-linux-gnu/11/../../../x86_64-linux-gnu/crtn.o
COLLECT_GCC_OPTIONS='-v' '-rdynamic' '-o' 'cmTC_4dcc0' '-mtune=generic' '-march=x86-64' '-dumpdir' 'cmTC_4dcc0.'
gmake[1]: Leaving directory '/home/tom/Documents/Repo/MNCM/src/build/CMakeFiles/CMakeTmp'



Parsed C implicit include dir info from above output: rv=done
  found start of include info
  found start of implicit include info
    add: [/opt/intel/oneapi/dev-utilities/2025.3/include]
    add: [/opt/intel/oneapi/ccl/2021.17/include]
    add: [/opt/intel/oneapi/umf/1.0/include]
    add: [/opt/intel/oneapi/tbb/2022.3/env/../include]
    add: [/opt/intel/oneapi/mpi/2021.17/include]
    add: [/opt/intel/oneapi/mkl/2025.3/include]
    add: [/opt/intel/oneapi/ishmem/1.5/include]
    add: [/opt/intel/oneapi/ippcp/2025.3/include]
    add: [/opt/intel/oneapi/ipp/2022.3/include]
    add: [/opt/intel/oneapi/dnnl/2025.3/include]
    add: [/usr/lib/gcc/x86_64-linux-gnu/11/include]
    add: [/usr/local/include]
    add: [/usr/include/x86_64-linux-gnu]
    add: [/usr/include]
  end of search list found
  collapse include dir [/opt/intel/oneapi/dev-utilities/2025.3/include] ==> [/opt/intel/oneapi/dev-utilities/2025.3/include]
  collapse include dir [/opt/intel/oneapi/ccl/2021.17/include] ==> [/opt/intel/oneapi/ccl/2021.17/include]
  collapse include dir [/opt/intel/oneapi/umf/1.0/include] ==> [/opt/intel/oneapi/umf/1.0/include]
  collapse include dir [/opt/intel/oneapi/tbb/2022.3/env/../include] ==> [/opt/intel/oneapi/tbb/2022.3/include]
  collapse include dir [/opt/intel/oneapi/mpi/2021.17/include] ==> [/opt/intel/oneapi/mpi/2021.17/include]
  collapse include dir [/opt/intel/oneapi/mkl/2025.3/include] ==> [/opt/intel/oneapi/mkl/2025.3/include]
  collapse include dir [/opt/intel/oneapi/ishmem/1.5/include] ==> [/opt/intel/oneapi/ishmem/1.5/include]
  collapse include dir [/opt/intel/oneapi/ippcp/2025.3/include] ==> [/opt/intel/oneapi/ippcp/2025.3/include]
  collapse include dir [/opt/intel/oneapi/ipp/2022.3/include] ==> [/opt/intel/oneapi/ipp/2022.3/include]
  collapse include dir [/opt/intel/oneapi/dnnl/2025.3/include] ==> [/opt/intel/oneapi/dnnl/2025.3/include]
  collapse include dir [/usr/lib/gcc/x86_64-linux-gnu/11/include] ==> [/usr/lib/gcc/x86_64-linux-gnu/11/include]
  collapse include dir [/usr/local/include] ==> [/usr/local/include]
  collapse include dir [/usr/include/x86_64-linux-gnu] ==> [/usr/include/x86_64-linux-gnu]
  collapse include dir [/usr/include] ==> [/usr/include]
  implicit include dirs: [/opt/intel/oneapi/dev-utilities/2025.3/include;/opt/intel/oneapi/ccl/2021.17/include;/opt/intel/oneapi/umf/1.0/include;/opt/intel/oneapi/tbb/2022.3/include;/opt/intel/oneapi/mpi/2021.17/include;/opt/intel/oneapi/mkl/2025.3/include;/opt/intel/oneapi/ishmem/1.5/include;/opt/intel/oneapi/ippcp/2025.3/include;/opt/intel/oneapi/ipp/2022.3/include;/opt/intel/oneapi/dnnl/2025.3/include;/usr/lib/gcc/x86_64-linux-gnu/11/include;/usr/local/include;/usr/include/x86_64-linux-gnu;/usr/include]


Parsed C implicit link information from above output:
  link line regex: [^( *|.*[/\])(ld|CMAKE_LINK_STARTFILE-NOTFOUND|([^/\]+-)?ld|collect2)[^/\]*( |$)]
  ignore line: [Change Dir: /home/tom/Documents/Repo/MNCM/src/build/CMakeFiles/CMakeTmp]
  ignore line: []
  ignore line: [Run Build Command(s):/usr/bin/gmake -f Makefile cmTC_4dcc0/fast && /usr/bin/gmake  -f CMakeFiles/cmTC_4dcc0.dir/build.make CMakeFiles/cmTC_4dcc0.dir/build]
  ignore line: [gmake[1]: Entering directory '/home/tom/Documents/Repo/MNCM/src/build/CMakeFiles/CMakeTmp']
  ignore line: [Building C object CMakeFiles/cmTC_4dcc0.dir/CMakeCCompilerABI.c.o]
  ignore line: [/usr/bin/gcc   -v -o CMakeFiles/cmTC_4dcc0.dir/CMakeCCompilerABI.c.o -c /usr/share/cmake-3.22/Modules/CMakeCCompilerABI.c]
  ignore line: [Using built-in specs.]
  ignore line: [COLLECT_GCC=/usr/bin/gcc]
  ignore line: [OFFLOAD_TARGET_NAMES=nvptx-none:amdgcn-amdhsa]
  ignore line: [OFFLOAD_TARGET_DEFAULT=1]
  ignore line: [Target: x86_64-linux-gnu]
  ignore line: [Configured with: ../src/configure -v --with-pkgversion='Ubuntu 11.4.0-1ubuntu1~22.04.2' --with-bugurl=file:///usr/share/doc/gcc-11/README.Bugs --enable-languages=c ada c++ go brig d fortran objc obj-c++ m2 --prefix=/usr --with-gcc-major-version-only --program-suffix=-11 --program-prefix=x86_64-linux-gnu- --enable-shared --enable-linker-build-id --libexecdir=/usr/lib --without-included-gettext --enable-threads=posix --libdir=/usr/lib --enable-nls --enable-bootstrap --enable-clocale=gnu --enable-libstdcxx-debug --enable-libstdcxx-time=yes --with-default-libstdcxx-abi=new --enable-gnu-unique-object --disable-vtable-verify --enable-plugin --enable-default-pie --with-system-zlib --enable-libphobos-checking=release --with-target-system-zlib=auto --enable-objc-gc=auto --enable-multiarch --disable-werror --enable-cet --with-arch-32=i686 --with-abi=m64 --with-multilib-list=m32 m64 mx32 --enable-multilib --with-tune=generic --enable-offload-targets=nvptx-none=/build/gcc-11-2Y5pKs/gcc-11-11.4.0/debian/tmp-nvptx/usr amdgcn-amdhsa=/build/gcc-11-2Y5pKs/gcc-11-11.4.0/debian/tmp-gcn/usr --without-cuda-driver --enable-checking=release --build=x86_64-linux-gnu --host=x86_64-linux-gnu --target=x86_64-linux-gnu --with-build-config=bootstrap-lto-lean --enable-link-serialization=2]
  ignore line: [Thread model: posix]
  ignore line: [Supported LTO compression algorithms: zlib zstd]
  ignore line: [gcc version 11.4.0 (Ubuntu 11.4.0-1ubuntu1~22.04.2) ]
  ignore line: [COLLECT_GCC_OPTIONS='-v' '-o' 'CMakeFiles/cmTC_4dcc0.dir/CMakeCCompilerABI.c.o' '-c' '-mtune=generic' '-march=x86-64' '-dumpdir' 'CMakeFiles/cmTC_4dcc0.dir/']
  ignore line: [ /usr/lib/gcc/x86_64-linux-gnu/11/cc1 -quiet -v -imultiarch x86_64-linux-gnu /usr/share/cmake-3.22/Modules/CMakeCCompilerABI.c -quiet -dumpdir CMakeFiles/cmTC_4dcc0.dir/ -dumpbase CMakeCCompilerABI.c.c -dumpbase-ext .c -mtune=generic -march=x86-64 -version -fasynchronous-unwind-tables -fstack-protector-strong -Wformat -Wformat-security -fstack-clash-protection -fcf-protection -o /tmp/ccojRSN3.s]
  ignore line: [GNU C17 (Ubuntu 11.4.0-1ubuntu1~22.04.2) version 11.4.0 (x86_64-linux-gnu)]
  ignore line: [	compiled by GNU C version 11.4.0  GMP version 6.2.1  MPFR version 4.1.0  MPC version 1.2.1  isl version isl-0.24-GMP]
  ignore line: []
  ignore line: [GGC heuristics: --param ggc-min-expand=100 --param ggc-min-heapsize=131072]
  ignore line: [ignoring nonexistent directory "/usr/local/include/x86_64-linux-gnu"]
  ignore line: [ignoring nonexistent directory "/usr/lib/gcc/x86_64-linux-gnu/11/include-fixed"]
  ignore line: [ignoring nonexistent directory "/usr/lib/gcc/x86_64-linux-gnu/11/../../../../x86_64-linux-gnu/include"]
  ignore line: [ignoring duplicate directory "/opt/intel/oneapi/umf/1.0/include"]
  ignore line: [  as it is a non-system directory that duplicates a system directory]
  ignore line: [ignoring duplicate directory "/opt/intel/oneapi/mkl/2025.3/include"]
  ignore line: [  as it is a non-system directory that duplicates a system directory]
  ignore line: [#include "..." search starts here:]
  ignore line: [#include <...> search starts here:]
  ignore line: [ /opt/intel/oneapi/dev-utilities/2025.3/include]
  ignore line: [ /opt/intel/oneapi/ccl/2021.17/include]
  ignore line: [ /opt/intel/oneapi/umf/1.0/include]
  ignore line: [ /opt/intel/oneapi/tbb/2022.3/env/../include]
  ignore line: [ /opt/intel/oneapi/mpi/2021.17/include]
  ignore line: [ /opt/intel/oneapi/mkl/2025.3/include]
  ignore line: [ /opt/intel/oneapi/ishmem/1.5/include]
  ignore line: [ /opt/intel/oneapi/ippcp/2025.3/include]
  ignore line: [ /opt/intel/oneapi/ipp/2022.3/include]
  ignore line: [ /opt/intel/oneapi/dnnl/2025.3/include]
  ignore line: [ /usr/lib/gcc/x86_64-linux-gnu/11/include]
  ignore line: [ /usr/local/include]
  ignore line: [ /usr/include/x86_64-linux-gnu]
  ignore line: [ /usr/include]
  ignore line: [End of search list.]
  ignore line: [GNU C17 (Ubuntu 11.4.0-1ubuntu1~22.04.2) version 11.4.0 (x86_64-linux-gnu)]
  ignore line: [	compiled by GNU C version 11.4.0  GMP version 6.2.1  MPFR version 4.1.0  MPC version 1.2.1  isl version isl-0.24-GMP]
  ignore line: []
  ignore line: [GGC heuristics: --param ggc-min-expand=100 --param ggc-min-heapsize=131072]
  ignore line: [Compiler executable checksum: 4011c2103cba78949d7e02d0f0047a3d]
  ignore line: [COLLECT_GCC_OPTIONS='-v' '-o' 'CMakeFiles/cmTC_4dcc0.dir/CMakeCCompilerABI.c.o' '-c' '-mtune=generic' '-march=x86-64' '-dumpdir' 'CMakeFiles/cmTC_4dcc0.dir/']
  ignore line: [ as -v --64 -o CMakeFiles/cmTC_4dcc0.dir/CMakeCCompilerABI.c.o /tmp/ccojRSN3.s]
  ignore line: [GNU assembler version 2.38 (x86_64-linux-gnu) using BFD version (GNU Binutils for Ubuntu) 2.38]
  ignore line: [COMPILER_PATH=/usr/lib/gcc/x86_64-linux-gnu/11/:/usr/lib/gcc/x86_64-linux-gnu/11/:/usr/lib/gcc/x86_64-linux-gnu/:/usr/lib/gcc/x86_64-linux-gnu/11/:/usr/lib/gcc/x86_64-linux-gnu/]
  ignore line: [LIBRARY_PATH=/opt/intel/oneapi/tcm/1.4/lib/../lib/:/opt/intel/oneapi/umf/1.0/lib/../lib/:/opt/intel/oneapi/tbb/2022.3/env/../lib/intel64/gcc4.8/../lib/:/opt/intel/oneapi/mpi/2021.17/lib/../lib/:/opt/intel/oneapi/mkl/2025.3/lib/../lib/:/opt/intel/oneapi/ishmem/1.5/lib/../lib/:/opt/intel/oneapi/ippcp/2025.3/lib/../lib/:/opt/intel/oneapi/ipp/2022.3/lib/../lib/:/opt/intel/oneapi/dnnl/2025.3/lib/../lib/:/opt/intel/oneapi/dal/2025.9/lib/../lib/:/opt/intel/oneapi/compiler/2025.3/lib/../lib/:/opt/intel/oneapi/ccl/2021.17/lib/../lib/:/usr/lib/gcc/x86_64-linux-gnu/11/:/usr/lib/gcc/x86_64-linux-gnu/11/../../../x86_64-linux-gnu/:/usr/lib/gcc/x86_64-linux-gnu/11/../../../../lib/:/lib/x86_64-linux-gnu/:/lib/../lib/:/usr/lib/x86_64-linux-gnu/:/usr/lib/../lib/:/opt/intel/oneapi/tcm/1.4/lib/:/opt/intel/oneapi/umf/1.0/lib/:/opt/intel/oneapi/tbb/2022.3/env/../lib/intel64/gcc4.8/:/opt/intel/oneapi/mpi/2021.17/lib/:/opt/intel/oneapi/mkl/2025.3/lib/:/opt/intel/oneapi/ishmem/1.5/lib/:/opt/intel/oneapi/ippcp/2025.3/lib/:/opt/intel/oneapi/ipp/2022.3/lib/:/opt/intel/oneapi/dnnl/2025.3/lib/:/opt/intel/oneapi/dal/2025.9/lib/:/opt/intel/oneapi/compiler/2025.3/lib/:/opt/intel/oneapi/ccl/2021.17/lib/:/usr/lib/gcc/x86_64-linux-gnu/11/../../../:/lib/:/usr/lib/]
  ignore line: [COLLECT_GCC_OPTIONS='-v' '-o' 'CMakeFiles/cmTC_4dcc0.dir/CMakeCCompilerABI.c.o' '-c' '-mtune=generic' '-march=x86-64' '-dumpdir' 'CMakeFiles/cmTC_4dcc0.dir/CMakeCCompilerABI.c.']
  ignore line: [Linking C executable cmTC_4dcc0]
  ignore line: [/usr/bin/cmake -E cmake_link_script CMakeFiles/cmTC_4dcc0.dir/link.txt --verbose=1]
  ignore line: [/usr/bin/gcc  -v -rdynamic CMakeFiles/cmTC_4dcc0.dir/CMakeCCompilerABI.c.o -o cmTC_4dcc0 ]
  ignore line: [Using built-in specs.]
  ignore line: [COLLECT_GCC=/usr/bin/gcc]
  ignore line: [COLLECT_LTO_WRAPPER=/usr/lib/gcc/x86_64-linux-gnu/11/lto-wrapper]
  ignore line: [OFFLOAD_TARGET_NAMES=nvptx-none:amdgcn-amdhsa]
  ignore line: [OFFLOAD_TARGET_DEFAULT=1]
  ignore line: [Target: x86_64-linux-gnu]
  ignore line: [Configured with: ../src/configure -v --with-pkgversion='Ubuntu 11.4.0-1ubuntu1~22.04.2' --with-bugurl=file:///usr/share/doc/gcc-11/README.Bugs --enable-languages=c ada c++ go brig d fortran objc obj-c++ m2 --prefix=/usr --with-gcc-major-version-only --program-suffix=-11 --program-prefix=x86_64-linux-gnu- --enable-shared --enable-linker-build-id --libexecdir=/usr/lib --without-included-gettext --enable-threads=posix --libdir=/usr/lib --enable-nls --enable-bootstrap --enable-clocale=gnu --enable-libstdcxx-debug --enable-libstdcxx-time=yes --with-default-libstdcxx-abi=new --enable-gnu-unique-object --disable-vtable-verify --enable-plugin --enable-default-pie --with-system-zlib --enable-libphobos-checking=release --with-target-system-zlib=auto --enable-objc-gc=auto --enable-multiarch --disable-werror --enable-cet --with-arch-32=i686 --with-abi=m64 --with-multilib-list=m32 m64 mx32 --enable-multilib --with-tune=generic --enable-offload-targets=nvptx-none=/build/gcc-11-2Y5pKs/gcc-11-11.4.0/debian/tmp-nvptx/usr amdgcn-amdhsa=/build/gcc-11-2Y5pKs/gcc-11-11.4.0/debian/tmp-gcn/usr --without-cuda-driver --enable-checking=release --build=x86_64-linux-gnu --host=x86_64-linux-gnu --target=x86_64-linux-gnu --with-build-config=bootstrap-lto-lean --enable-link-serialization=2]
  ignore line: [Thread model: posix]
  ignore line: [Supported LTO compression algorithms: zlib zstd]
  ignore line: [gcc version 11.4.0 (Ubuntu 11.4.0-1ubuntu1~22.04.2) ]
  ignore line: [COMPILER_PATH=/usr/lib/gcc/x86_64-linux-gnu/11/:/usr/lib/gcc/x86_64-linux-gnu/11/:/usr/lib/gcc/x86_64-linux-gnu/:/usr/lib/gcc/x86_64-linux-gnu/11/:/usr/lib/gcc/x86_64-linux-gnu/]
  ignore line: [LIBRARY_PATH=/opt/intel/oneapi/tcm/1.4/lib/../lib/:/opt/intel/oneapi/umf/1.0/lib/../lib/:/opt/intel/oneapi/tbb/2022.3/env/../lib/intel64/gcc4.8/../lib/:/opt/intel/oneapi/mpi/2021.17/lib/../lib/:/opt/intel/oneapi/mkl/2025.3/lib/../lib/:/opt/intel/oneapi/ishmem/1.5/lib/../lib/:/opt/intel/oneapi/ippcp/2025.3/lib/../lib/:/opt/intel/oneapi/ipp/2022.3/lib/../lib/:/opt/intel/oneapi/dnnl/2025.3/lib/../lib/:/opt/intel/oneapi/dal/2025.9/lib/../lib/:/opt/intel/oneapi/compiler/2025.3/lib/../lib/:/opt/intel/oneapi/ccl/2021.17/lib/../lib/:/usr/lib/gcc/x86_64-linux-gnu/11/:/usr/lib/gcc/x86_64-linux-gnu/11/../../../x86_64-linux-gnu/:/usr/lib/gcc/x86_64-linux-gnu/11/../../../../lib/:/lib/x86_64-linux-gnu/:/lib/../lib/:/usr/lib/x86_64-linux-gnu/:/usr/lib/../lib/:/opt/intel/oneapi/tcm/1.4/lib/:/opt/intel/oneapi/umf/1.0/lib/:/opt/intel/oneapi/tbb/2022.3/env/../lib/intel64/gcc4.8/:/opt/intel/oneapi/mpi/2021.17/lib/:/opt/intel/oneapi/mkl/2025.3/lib/:/opt/intel/oneapi/ishmem/1.5/lib/:/opt/intel/oneapi/ippcp/2025.3/lib/:/opt/intel/oneapi/ipp/2022.3/lib/:/opt/intel/oneapi/dnnl/2025.3/lib/:/opt/intel/oneapi/dal/2025.9/lib/:/opt/intel/oneapi/compiler/2025.3/lib/:/opt/intel/oneapi/ccl/2021.17/lib/:/usr/lib/gcc/x86_64-linux-gnu/11/../../../:/lib/:/usr/lib/]
  ignore line: [COLLECT_GCC_OPTIONS='-v' '-rdynamic' '-o' 'cmTC_4dcc0' '-mtune=generic' '-march=x86-64' '-dumpdir' 'cmTC_4dcc0.']
  link line: [ /usr/lib/gcc/x86_64-linux-gnu/11/collect2 -plugin /usr/lib/gcc/x86_64-linux-gnu/11/liblto_plugin.so -plugin-opt=/usr/lib/gcc/x86_64-linux-gnu/11/lto-wrapper -plugin-opt=-fresolution=/tmp/cc92fEDh.res -plugin-opt=-pass-through=-lgcc -plugin-opt=-pass-through=-lgcc_s -plugin-opt=-pass-through=-lc -plugin-opt=-pass-through=-lgcc -plugin-opt=-pass-through=-lgcc_s --build-id --eh-frame-hdr -m elf_x86_64 --hash-style=gnu --as-needed -export-dynamic -dynamic-linker /lib64/ld-linux-x86-64.so.2 -pie -z now -z relro -o cmTC_4dcc0 /usr/lib/gcc/x86_64-linux-gnu/11/../../../x86_64-linux-gnu/Scrt1.o /usr/lib/gcc/x86_64-linux-gnu/11/../../../x86_64-linux-gnu/crti.o /usr/lib/gcc/x86_64-linux-gnu/11/crtbeginS.o -L/opt/intel/oneapi/tcm/1.4/lib/../lib -L/opt/intel/oneapi/umf/1.0/lib/../lib -L/opt/intel/oneapi/tbb/2022.3/env/../lib/intel64/gcc4.8/../lib -L/opt/intel/oneapi/mpi/2021.17/lib/../lib -L/opt/intel/oneapi/mkl/2025.3/lib/../lib -L/opt/intel/oneapi/ishmem/1.5/lib/../lib -L/opt/intel/oneapi/ippcp/2025.3/lib/../lib -L/opt/intel/oneapi/ipp/2022.3/lib/../lib -L/opt/intel/oneapi/dnnl/2025.3/lib/../lib -L/opt/intel/oneapi/dal/2025.9/lib/../lib -L/opt/intel/oneapi/compiler/2025.3/lib/../lib -L/opt/intel/oneapi/ccl/2021.17/lib/../lib -L/usr/lib/gcc/x86_64-linux-gnu/11 -L/usr/lib/gcc/x86_64-linux-gnu/11/../../../x86_64-linux-gnu -L/usr/lib/gcc/x86_64-linux-gnu/11/../../../../lib -L/lib/x86_64-linux-gnu -L/lib/../lib -L/usr/lib/x86_64-linux-gnu -L/usr/lib/../lib -L/opt/intel/oneapi/tcm/1.4/lib -L/opt/intel/oneapi/umf/1.0/lib -L/opt/intel/oneapi/tbb/2022.3/env/../lib/intel64/gcc4.8 -L/opt/intel/oneapi/mpi/2021.17/lib -L/opt/intel/oneapi/mkl/2025.3/lib -L/opt/intel/oneapi/ishmem/1.5/lib -L/opt/intel/oneapi/ippcp/2025.3/lib -L/opt/intel/oneapi/ipp/2022.3/lib -L/opt/intel/oneapi/dnnl/2025.3/lib -L/opt/intel/oneapi/dal/2025.9/lib -L/opt/intel/oneapi/compiler/2025.3/lib -L/opt/intel/oneapi/ccl/2021.17/lib -L/usr/lib/gcc/x86_64-linux-gnu/11/../../.. CMakeFiles/cmTC_4dcc0.dir/CMakeCCompilerABI.c.o -lgcc --push-state --as-needed -lgcc_s --pop-state -lc -lgcc --push-state --as-needed -lgcc_s --pop-state /usr/lib/gcc/x86_64-linux-gnu/11/crtendS.o /usr/lib/gcc/x86_64-linux-gnu/11/../../../x86_64-linux-gnu/crtn.o]
    arg [/usr/lib/gcc/x86_64-linux-gnu/11/collect2] ==> ignore
    arg [-plugin] ==> ignore
    arg [/usr/lib/gcc/x86_64-linux-gnu/11/liblto_plugin.so] ==> ignore
    arg [-plugin-opt=/usr/lib/gcc/x86_64-linux-gnu/11/lto-wrapper] ==> ignore
    arg [-plugin-opt=-fresolution=/tmp/cc92fEDh.res] ==> ignore
    arg [-plugin-opt=-pass-through=-lgcc] ==> ignore
    arg [-plugin-opt=-pass-through=-lgcc_s] ==> ignore
    arg [-plugin-opt=-pass-through=-lc] ==> ignore
    arg [-plugin-opt=-pass-through=-lgcc] ==> ignore
    arg [-plugin-opt=-pass-through=-lgcc_s] ==> ignore
    arg [--build-id] ==> ignore
    arg [--eh-frame-hdr] ==> ignore
    arg [-m] ==> ignore
    arg [elf_x86_64] ==> ignore
    arg [--hash-style=gnu] ==> ignore
    arg [--as-needed] ==> ignore
    arg [-export-dynamic] ==> ignore
    arg [-dynamic-linker] ==> ignore
    arg [/lib64/ld-linux-x86-64.so.2] ==> ignore
    arg [-pie] ==> ignore
    arg [-znow] ==> ignore
    arg [-zrelro] ==> ignore
    arg [-o] ==> ignore
    arg [cmTC_4dcc0] ==> ignore
    arg [/usr/lib/gcc/x86_64-linux-gnu/11/../../../x86_64-linux-gnu/Scrt1.o] ==> obj [/usr/lib/gcc/x86_64-linux-gnu/11/../../../x86_64-linux-gnu/Scrt1.o]
    arg [/usr/lib/gcc/x86_64-linux-gnu/11/../../../x86_64-linux-gnu/crti.o] ==> obj [/usr/lib/gcc/x86_64-linux-gnu/11/../../../x86_64-linux-gnu/crti.o]
    arg [/usr/lib/gcc/x86_64-linux-gnu/11/crtbeginS.o] ==> obj [/usr/lib/gcc/x86_64-linux-gnu/11/crtbeginS.o]
    arg [-L/opt/intel/oneapi/tcm/1.4/lib/../lib] ==> dir [/opt/intel/oneapi/tcm/1.4/lib/../lib]
    arg [-L/opt/intel/oneapi/umf/1.0/lib/../lib] ==> dir [/opt/intel/oneapi/umf/1.0/lib/../lib]
    arg [-L/opt/intel/oneapi/tbb/2022.3/env/../lib/intel64/gcc4.8/../lib] ==> dir [/opt/intel/oneapi/tbb/2022.3/env/../lib/intel64/gcc4.8/../lib]
    arg [-L/opt/intel/oneapi/mpi/2021.17/lib/../lib] ==> dir [/opt/intel/oneapi/mpi/2021.17/lib/../lib]
    arg [-L/opt/intel/oneapi/mkl/2025.3/lib/../lib] ==> dir [/opt/intel/oneapi/mkl/2025.3/lib/../lib]
    arg [-L/opt/intel/oneapi/ishmem/1.5/lib/../lib] ==> dir [/opt/intel/oneapi/ishmem/1.5/lib/../lib]
    arg [-L/opt/intel/oneapi/ippcp/2025.3/lib/../lib] ==> dir [/opt/intel/oneapi/ippcp/2025.3/lib/../lib]
    arg [-L/opt/intel/oneapi/ipp/2022.3/lib/../lib] ==> dir [/opt/intel/oneapi/ipp/2022.3/lib/../lib]
    arg [-L/opt/intel/oneapi/dnnl/2025.3/lib/../lib] ==> dir [/opt/intel/oneapi/dnnl/2025.3/lib/../lib]
    arg [-L/opt/intel/oneapi/dal/2025.9/lib/../lib] ==> dir [/opt/intel/oneapi/dal/2025.9/lib/../lib]
    arg [-L/opt/intel/oneapi/compiler/2025.3/lib/../lib] ==> dir [/opt/intel/oneapi/compiler/2025.3/lib/../lib]
    arg [-L/opt/intel/oneapi/ccl/2021.17/lib/../lib] ==> dir [/opt/intel/oneapi/ccl/2021.17/lib/../lib]
    arg [-L/usr/lib/gcc/x86_64-linux-gnu/11] ==> dir [/usr/lib/gcc/x86_64-linux-gnu/11]
    arg [-L/usr/lib/gcc/x86_64-linux-gnu/11/../../../x86_64-linux-gnu] ==> dir [/usr/lib/gcc/x86_64-linux-gnu/11/../../../x86_64-linux-gnu]
    arg [-L/usr/lib/gcc/x86_64-linux-gnu/11/../../../../lib] ==> dir [/usr/lib/gcc/x86_64-linux-gnu/11/../../../../lib]
    arg [-L/lib/x86_64-linux-gnu] ==> dir [/lib/x86_64-linux-gnu]
    arg [-L/lib/../lib] ==> dir [/lib/../lib]
    arg [-L/usr/lib/x86_64-linux-gnu] ==> dir [/usr/lib/x86_64-linux-gnu]
    arg [-L/usr/lib/../lib] ==> dir [/usr/lib/../lib]
    arg [-L/opt/intel/oneapi/tcm/1.4/lib] ==> dir [/opt/intel/oneapi/tcm/1.4/lib]
    arg [-L/opt/intel/oneapi/umf/1.0/lib] ==> dir [/opt/intel/oneapi/umf/1.0/lib]
    arg [-L/opt/intel/oneapi/tbb/2022.3/env/../lib/intel64/gcc4.8] ==> dir [/opt/intel/oneapi/tbb/2022.3/env/../lib/intel64/gcc4.8]
    arg [-L/opt/intel/oneapi/mpi/2021.17/lib] ==> dir [/opt/intel/oneapi/mpi/2021.17/lib]
    arg [-L/opt/intel/oneapi/mkl/2025.3/lib] ==> dir [/opt/intel/oneapi/mkl/2025.3/lib]
    arg [-L/opt/intel/oneapi/ishmem/1.5/lib] ==> dir [/opt/intel/oneapi/ishmem/1.5/lib]
    arg [-L/opt/intel/oneapi/ippcp/2025.3/lib] ==> dir [/opt/intel/oneapi/ippcp/2025.3/lib]
    arg [-L/opt/intel/oneapi/ipp/2022.3/lib] ==> dir [/opt/intel/oneapi/ipp/2022.3/lib]
    arg [-L/opt/intel/oneapi/dnnl/2025.3/lib] ==> dir [/opt/intel/oneapi/dnnl/2025.3/lib]
    arg [-L/opt/intel/oneapi/dal/2025.9/lib] ==> dir [/opt/intel/oneapi/dal/2025.9/lib]
    arg [-L/opt/intel/oneapi/compiler/2025.3/lib] ==> dir [/opt/intel/oneapi/compiler/2025.3/lib]
    arg [-L/opt/intel/oneapi/ccl/2021.17/lib] ==> dir [/opt/intel/oneapi/ccl/2021.17/lib]
    arg [-L/usr/lib/gcc/x86_64-linux-gnu/11/../../..] ==> dir [/usr/lib/gcc/x86_64-linux-gnu/11/../../..]
    arg [CMakeFiles/cmTC_4dcc0.dir/CMakeCCompilerABI.c.o] ==> ignore
    arg [-lgcc] ==> lib [gcc]
    arg [--push-state] ==> ignore
    arg [--as-needed] ==> ignore
    arg [-lgcc_s] ==> lib [gcc_s]
    arg [--pop-state] ==> ignore
    arg [-lc] ==> lib [c]
    arg [-lgcc] ==> lib [gcc]
    arg [--push-state] ==> ignore
    arg [--as-needed] ==> ignore
    arg [-lgcc_s] ==> lib [gcc_s]
    arg [--pop-state] ==> ignore
    arg [/usr/lib/gcc/x86_64-linux-gnu/11/crtendS.o] ==> obj [/usr/lib/gcc/x86_64-linux-gnu/11/crtendS.o]
    arg [/usr/lib/gcc/x86_64-linux-gnu/11/../../../x86_64-linux-gnu/crtn.o] ==> obj [/usr/lib/gcc/x86_64-linux-gnu/11/../../../x86_64-linux-gnu/crtn.o]
  collapse obj [/usr/lib/gcc/x86_64-linux-gnu/11/../../../x86_64-linux-gnu/Scrt1.o] ==> [/usr/lib/x86_64-linux-gnu/Scrt1.o]
  collapse obj [/usr/lib/gcc/x86_64-linux-gnu/11/../../../x86_64-linux-gnu/crti.o] ==> [/usr/lib/x86_64-linux-gnu/crti.o]
  collapse obj [/usr/lib/gcc/x86_64-linux-gnu/11/../../../x86_64-linux-gnu/crtn.o] ==> [/usr/lib/x86_64-linux-gnu/crtn.o]
  collapse library dir [/opt/intel/oneapi/tcm/1.4/lib/../lib] ==> [/opt/intel/oneapi/tcm/1.4/lib]
  collapse library dir [/opt/intel/oneapi/umf/1.0/lib/../lib] ==> [/opt/intel/oneapi/umf/1.0/lib]
  collapse library dir [/opt/intel/oneapi/tbb/2022.3/env/../lib/intel64/gcc4.8/../lib] ==> [/opt/intel/oneapi/tbb/2022.3/lib/intel64/lib]
  collapse library dir [/opt/intel/oneapi/mpi/2021.17/lib/../lib] ==> [/opt/intel/oneapi/mpi/2021.17/lib]
  collapse library dir [/opt/intel/oneapi/mkl/2025.3/lib/../lib] ==> [/opt/intel/oneapi/mkl/2025.3/lib]
  collapse library dir [/opt/intel/oneapi/ishmem/1.5/lib/../lib] ==> [/opt/intel/oneapi/ishmem/1.5/lib]
  collapse library dir [/opt/intel/oneapi/ippcp/2025.3/lib/../lib] ==> [/opt/intel/oneapi/ippcp/2025.3/lib]
  collapse library dir [/opt/intel/oneapi/ipp/2022.3/lib/../lib] ==> [/opt/intel/oneapi/ipp/2022.3/lib]
  collapse library dir [/opt/intel/oneapi/dnnl/2025.3/lib/../lib] ==> [/opt/intel/oneapi/dnnl/2025.3/lib]
  collapse library dir [/opt/intel/oneapi/dal/2025.9/lib/../lib] ==> [/opt/intel/oneapi/dal/2025.9/lib]
  collapse library dir [/opt/intel/oneapi/compiler/2025.3/lib/../lib] ==> [/opt/intel/oneapi/compiler/2025.3/lib]
  collapse library dir [/opt/intel/oneapi/ccl/2021.17/lib/../lib] ==> [/opt/intel/oneapi/ccl/2021.17/lib]
  collapse library dir [/usr/lib/gcc/x86_64-linux-gnu/11] ==> [/usr/lib/gcc/x86_64-linux-gnu/11]
  collapse library dir [/usr/lib/gcc/x86_64-linux-gnu/11/../../../x86_64-linux-gnu] ==> [/usr/lib/x86_64-linux-gnu]
  collapse library dir [/usr/lib/gcc/x86_64-linux-gnu/11/../../../../lib] ==> [/usr/lib]
  collapse library dir [/lib/x86_64-linux-gnu] ==> [/lib/x86_64-linux-gnu]
  collapse library dir [/lib/../lib] ==> [/lib]
  collapse library dir [/usr/lib/x86_64-linux-gnu] ==> [/usr/lib/x86_64-linux-gnu]
  collapse library dir [/usr/lib/../lib] ==> [/usr/lib]
  collapse library dir [/opt/intel/oneapi/tcm/1.4/lib] ==> [/opt/intel/oneapi/tcm/1.4/lib]
  collapse library dir [/opt/intel/oneapi/umf/1.0/lib] ==> [/opt/intel/oneapi/umf/1.0/lib]
  collapse library dir [/opt/intel/oneapi/tbb/2022.3/env/../lib/intel64/gcc4.8] ==> [/opt/intel/oneapi/tbb/2022.3/lib/intel64/gcc4.8]
  collapse library dir [/opt/intel/oneapi/mpi/2021.17/lib] ==> [/opt/intel/oneapi/mpi/2021.17/lib]
  collapse library dir [/opt/intel/oneapi/mkl/2025.3/lib] ==> [/opt/intel/oneapi/mkl/2025.3/lib]
  collapse library dir [/opt/intel/oneapi/ishmem/1.5/lib] ==> [/opt/intel/oneapi/ishmem/1.5/lib]
  collapse library dir [/opt/intel/oneapi/ippcp/2025.3/lib] ==> [/opt/intel/oneapi/ippcp/2025.3/lib]
  collapse library dir [/opt/intel/oneapi/ipp/2022.3/lib] ==> [/opt/intel/oneapi/ipp/2022.3/lib]
  collapse library dir [/opt/intel/oneapi/dnnl/2025.3/lib] ==> [/opt/intel/oneapi/dnnl/2025.3/lib]
  collapse library dir [/opt/intel/oneapi/dal/2025.9/lib] ==> [/opt/intel/oneapi/dal/2025.9/lib]
  collapse library dir [/opt/intel/oneapi/compiler/2025.3/lib] ==> [/opt/intel/oneapi/compiler/2025.3/lib]
  collapse library dir [/opt/intel/oneapi/ccl/2021.17/lib] ==> [/opt/intel/oneapi/ccl/2021.17/lib]
  collapse library dir [/usr/lib/gcc/x86_64-linux-gnu/11/../../..] ==> [/usr/lib]
  implicit libs: [gcc;gcc_s;c;gcc;gcc_s]
  implicit objs: [/usr/lib/x86_64-linux-gnu/Scrt1.o;/usr/lib/x86_64-linux-gnu/crti.o;/usr/lib/gcc/x86_64-linux-gnu/11/crtbeginS.o;/usr/lib/gcc/x86_64-linux-gnu/11/crtendS.o;/usr/lib/x86_64-linux-gnu/crtn.o]
  implicit dirs: [/opt/intel/oneapi/tcm/1.4/lib;/opt/intel/oneapi/umf/1.0/lib;/opt/intel/oneapi/tbb/2022.3/lib/intel64/lib;/opt/intel/oneapi/mpi/2021.17/lib;/opt/intel/oneapi/mkl/2025.3/lib;/opt/intel/oneapi/ishmem/1.5/lib;/opt/intel/oneapi/ippcp/2025.3/lib;/opt/intel/oneapi/ipp/2022.3/lib;/opt/intel/oneapi/dnnl/2025.3/lib;/opt/intel/oneapi/dal/2025.9/lib;/opt/intel/oneapi/compiler/2025.3/lib;/opt/intel/oneapi/ccl/2021.17/lib;/usr/lib/gcc/x86_64-linux-gnu/11;/usr/lib/x86_64-linux-gnu;/usr/lib;/lib/x86_64-linux-gnu;/lib;/opt/intel/oneapi/tbb/2022.3/lib/intel64/gcc4.8]
  implicit fwks: []


Determining if the include file pthread.h exists passed with the following output:
Change Dir: /home/tom/Documents/Repo/MNCM/src/build/CMakeFiles/CMakeTmp

Run Build Command(s):/usr/bin/gmake -f Makefile cmTC_d56aa/fast && /usr/bin/gmake  -f CMakeFiles/cmTC_d56aa.dir/build.make CMakeFiles/cmTC_d56aa.dir/build
gmake[1]: Entering directory '/home/tom/Documents/Repo/MNCM/src/build/CMakeFiles/CMakeTmp'
Building C object CMakeFiles/cmTC_d56aa.dir/CheckIncludeFile.c.o
/usr/bin/gcc    -o CMakeFiles/cmTC_d56aa.dir/CheckIncludeFile.c.o -c /home/tom/Documents/Repo/MNCM/src/build/CMakeFiles/CMakeTmp/CheckIncludeFile.c
Linking C executable cmTC_d56aa
/usr/bin/cmake -E cmake_link_script CMakeFiles/cmTC_d56aa.dir/link.txt --verbose=1
/usr/bin/gcc -rdynamic CMakeFiles/cmTC_d56aa.dir/CheckIncludeFile.c.o -o cmTC_d56aa 
gmake[1]: Leaving directory '/home/tom/Documents/Repo/MNCM/src/build/CMakeFiles/CMakeTmp'



Performing C SOURCE FILE Test CMAKE_HAVE_LIBC_PTHREAD succeeded with the following output:
Change Dir: /home/tom/Documents/Repo/MNCM/src/build/CMakeFiles/CMakeTmp

Run Build Command(s):/usr/bin/gmake -f Makefile cmTC_503da/fast && /usr/bin/gmake  -f CMakeFiles/cmTC_503da.dir/build.make CMakeFiles/cmTC_503da.dir/build
gmake[1]: Entering directory '/home/tom/Documents/Repo/MNCM/src/build/CMakeFiles/CMakeTmp'
Building C object CMakeFiles/cmTC_503da.dir/src.c.o
/usr/bin/gcc -DCMAKE_HAVE_LIBC_PTHREAD   -o CMakeFiles/cmTC_503da.dir/src.c.o -c /home/tom/Documents/Repo/MNCM/src/build/CMakeFiles/CMakeTmp/src.c
Linking C executable cmTC_503da
/usr/bin/cmake -E cmake_link_script CMakeFiles/cmTC_503da.dir/link.txt --verbose=1
/usr/bin/gcc -rdynamic CMakeFiles/cmTC_503da.dir/src.c.o -o cmTC_503da 
gmake[1]: Leaving directory '/home/tom/Documents/Repo/MNCM/src/build/CMakeFiles/CMakeTmp'


Source file was:
#include <pthread.h>

static void* test_func(void* data)
{
  return data;
}

int main(void)
{
  pthread_t thread;
  pthread_create(&thread, NULL, test_func, NULL);
  pthread_detach(thread);
  pthread_cancel(thread);
  pthread_join(thread, NULL);
  pthread_atfork(NULL, NULL, NULL);
  pthread_exit(NULL);

  return 0;
}

Determining if the Fortran sgemm exists passed with the following output:
Change Dir: /home/tom/Documents/Repo/MNCM/src/build/CMakeFiles/CMakeTmp

Run Build Command(s):/usr/bin/gmake -f Makefile cmTC_a8c48/fast && /usr/bin/gmake  -f CMakeFiles/cmTC_a8c48.dir/build.make CMakeFiles/cmTC_a8c48.dir/build
gmake[1]: Entering directory '/home/tom/Documents/Repo/MNCM/src/build/CMakeFiles/CMakeTmp'
Building Fortran object CMakeFiles/cmTC_a8c48.dir/testFortranCompiler.f.o
/usr/bin/gfortran   -Wall -ffree-line-length-none   -c /home/tom/Documents/Repo/MNCM/src/build/CMakeFiles/CMakeTmp/testFortranCompiler.f -o CMakeFiles/cmTC_a8c48.dir/testFortranCompiler.f.o
Linking Fortran executable cmTC_a8c48
/usr/bin/cmake -E cmake_link_script CMakeFiles/cmTC_a8c48.dir/link.txt --verbose=1
/usr/bin/gfortran  -Wall -ffree-line-length-none   CMakeFiles/cmTC_a8c48.dir/testFortranCompiler.f.o -o cmTC_a8c48  /opt/intel/oneapi/mkl/2025.3/lib/libmkl_gf_lp64.so /opt/intel/oneapi/mkl/2025.3/lib/libmkl_gnu_thread.so /opt/intel/oneapi/mkl/2025.3/lib/libmkl_core.so /usr/lib/gcc/x86_64-linux-gnu/11/libgomp.so -lm -ldl 
gmake[1]: Leaving directory '/home/tom/Documents/Repo/MNCM/src/build/CMakeFiles/CMakeTmp'



Determining if the Fortran cheev exists passed with the following output:
Change Dir: /home/tom/Documents/Repo/MNCM/src/build/CMakeFiles/CMakeTmp

Run Build Command(s):/usr/bin/gmake -f Makefile cmTC_ce79c/fast && /usr/bin/gmake  -f CMakeFiles/cmTC_ce79c.dir/build.make CMakeFiles/cmTC_ce79c.dir/build
gmake[1]: Entering directory '/home/tom/Documents/Repo/MNCM/src/build/CMakeFiles/CMakeTmp'
Building Fortran object CMakeFiles/cmTC_ce79c.dir/testFortranCompiler.f.o
/usr/bin/gfortran   -Wall -ffree-line-length-none   -c /home/tom/Documents/Repo/MNCM/src/build/CMakeFiles/CMakeTmp/testFortranCompiler.f -o CMakeFiles/cmTC_ce79c.dir/testFortranCompiler.f.o
Linking Fortran executable cmTC_ce79c
/usr/bin/cmake -E cmake_link_script CMakeFiles/cmTC_ce79c.dir/link.txt --verbose=1
/usr/bin/gfortran  -Wall -ffree-line-length-none   CMakeFiles/cmTC_ce79c.dir/testFortranCompiler.f.o -o cmTC_ce79c  /opt/intel/oneapi/mkl/2025.3/lib/libmkl_gf_lp64.so /opt/intel/oneapi/mkl/2025.3/lib/libmkl_gnu_thread.so /opt/intel/oneapi/mkl/2025.3/lib/libmkl_core.so /usr/lib/gcc/x86_64-linux-gnu/11/libgomp.so -lm -ldl -lm -ldl 
gmake[1]: Leaving directory '/home/tom/Documents/Repo/MNCM/src/build/CMakeFiles/CMakeTmp'



